{"numTotalTestSuites":2,"numPassedTestSuites":2,"numFailedTestSuites":0,"numPendingTestSuites":0,"numTotalTests":3,"numPassedTests":3,"numFailedTests":0,"numPendingTests":0,"numTodoTests":0,"startTime":1757705196348,"success":true,"testResults":[{"assertionResults":[{"ancestorTitles":["","ClinicSelector - Testes Simples"],"fullName":" ClinicSelector - Testes Simples deve renderizar combobox para admin lify","status":"passed","title":"deve renderizar combobox para admin lify","duration":110,"failureMessages":[]},{"ancestorTitles":["","ClinicSelector - Testes Simples"],"fullName":" ClinicSelector - Testes Simples deve renderizar sem erros","status":"passed","title":"deve renderizar sem erros","duration":13,"failureMessages":[]},{"ancestorTitles":["","ClinicSelector - Testes Simples"],"fullName":" ClinicSelector - Testes Simples deve ter estrutura básica correta","status":"passed","title":"deve ter estrutura básica correta","duration":34,"failureMessages":[]}],"startTime":1757705197440,"endTime":1757705197597,"status":"passed","message":"","name":"/Users/lucascantoni/Desktop/AtendeAí 2.0/src/tests/ClinicSelector.simple.test.tsx"}]}