{"numTotalTestSuites":74,"numPassedTestSuites":73,"numFailedTestSuites":1,"numPendingTestSuites":0,"numTotalTests":122,"numPassedTests":95,"numFailedTests":27,"numPendingTests":0,"numTodoTests":0,"startTime":1757868194786,"success":false,"testResults":[{"assertionResults":[{"ancestorTitles":["","ClinicSelector - Testes Simples"],"fullName":" ClinicSelector - Testes Simples deve renderizar combobox para admin lify","status":"passed","title":"deve renderizar combobox para admin lify","duration":138,"failureMessages":[]},{"ancestorTitles":["","ClinicSelector - Testes Simples"],"fullName":" ClinicSelector - Testes Simples deve renderizar sem erros","status":"passed","title":"deve renderizar sem erros","duration":15,"failureMessages":[]},{"ancestorTitles":["","ClinicSelector - Testes Simples"],"fullName":" ClinicSelector - Testes Simples deve ter estrutura básica correta","status":"passed","title":"deve ter estrutura básica correta","duration":49,"failureMessages":[]}],"startTime":1757868197481,"endTime":1757868197683,"status":"passed","message":"","name":"/Users/lucascantoni/Desktop/AtendeAí 2.0/src/tests/ClinicSelector.simple.test.tsx"},{"assertionResults":[{"ancestorTitles":["","ClinicSelector"],"fullName":" ClinicSelector deve renderizar combobox para admin lify","status":"passed","title":"deve renderizar combobox para admin lify","duration":317,"failureMessages":[]},{"ancestorTitles":["","ClinicSelector"],"fullName":" ClinicSelector deve listar clínicas ativas","status":"passed","title":"deve listar clínicas ativas","duration":224,"failureMessages":[]},{"ancestorTitles":["","ClinicSelector"],"fullName":" ClinicSelector deve permitir seleção de clínica","status":"failed","title":"deve permitir seleção de clínica","duration":144,"failureMessages":["Unable to find an element with the display value: Clínica Saúde Total.\n\nIgnored nodes: comments, script, style\n\u001b[36m<body\u001b[39m\n  \u001b[33mstyle\u001b[39m=\u001b[32m\"\"\u001b[39m\n\u001b[36m>\u001b[39m\n  \u001b[36m<div>\u001b[39m\n    \u001b[36m<div\u001b[39m\n      \u001b[33mclass\u001b[39m=\u001b[32m\"flex items-center space-x-2\"\u001b[39m\n    \u001b[36m>\u001b[39m\n      \u001b[36m<svg\u001b[39m\n        \u001b[33mclass\u001b[39m=\u001b[32m\"lucide lucide-building2 h-4 w-4 text-muted-foreground\"\u001b[39m\n        \u001b[33mfill\u001b[39m=\u001b[32m\"none\"\u001b[39m\n        \u001b[33mheight\u001b[39m=\u001b[32m\"24\"\u001b[39m\n        \u001b[33mstroke\u001b[39m=\u001b[32m\"currentColor\"\u001b[39m\n        \u001b[33mstroke-linecap\u001b[39m=\u001b[32m\"round\"\u001b[39m\n        \u001b[33mstroke-linejoin\u001b[39m=\u001b[32m\"round\"\u001b[39m\n        \u001b[33mstroke-width\u001b[39m=\u001b[32m\"2\"\u001b[39m\n        \u001b[33mviewBox\u001b[39m=\u001b[32m\"0 0 24 24\"\u001b[39m\n        \u001b[33mwidth\u001b[39m=\u001b[32m\"24\"\u001b[39m\n        \u001b[33mxmlns\u001b[39m=\u001b[32m\"http://www.w3.org/2000/svg\"\u001b[39m\n      \u001b[36m>\u001b[39m\n        \u001b[36m<path\u001b[39m\n          \u001b[33md\u001b[39m=\u001b[32m\"M6 22V4a2 2 0 0 1 2-2h8a2 2 0 0 1 2 2v18Z\"\u001b[39m\n        \u001b[36m/>\u001b[39m\n        \u001b[36m<path\u001b[39m\n          \u001b[33md\u001b[39m=\u001b[32m\"M6 12H4a2 2 0 0 0-2 2v6a2 2 0 0 0 2 2h2\"\u001b[39m\n        \u001b[36m/>\u001b[39m\n        \u001b[36m<path\u001b[39m\n          \u001b[33md\u001b[39m=\u001b[32m\"M18 9h2a2 2 0 0 1 2 2v9a2 2 0 0 1-2 2h-2\"\u001b[39m\n        \u001b[36m/>\u001b[39m\n        \u001b[36m<path\u001b[39m\n          \u001b[33md\u001b[39m=\u001b[32m\"M10 6h4\"\u001b[39m\n        \u001b[36m/>\u001b[39m\n        \u001b[36m<path\u001b[39m\n          \u001b[33md\u001b[39m=\u001b[32m\"M10 10h4\"\u001b[39m\n        \u001b[36m/>\u001b[39m\n        \u001b[36m<path\u001b[39m\n          \u001b[33md\u001b[39m=\u001b[32m\"M10 14h4\"\u001b[39m\n        \u001b[36m/>\u001b[39m\n        \u001b[36m<path\u001b[39m\n          \u001b[33md\u001b[39m=\u001b[32m\"M10 18h4\"\u001b[39m\n        \u001b[36m/>\u001b[39m\n      \u001b[36m</svg>\u001b[39m\n      \u001b[36m<button\u001b[39m\n        \u001b[33maria-autocomplete\u001b[39m=\u001b[32m\"none\"\u001b[39m\n        \u001b[33maria-controls\u001b[39m=\u001b[32m\"radix-:rb:\"\u001b[39m\n        \u001b[33maria-expanded\u001b[39m=\u001b[32m\"false\"\u001b[39m\n        \u001b[33mclass\u001b[39m=\u001b[32m\"flex h-10 items-center justify-between rounded-md border border-input bg-background px-3 py-2 text-sm ring-offset-background placeholder:text-muted-foreground focus:outline-none focus:ring-2 focus:ring-ring focus:ring-offset-2 disabled:cursor-not-allowed disabled:opacity-50 [&>span]:line-clamp-1 w-[200px]\"\u001b[39m\n        \u001b[33mdata-placeholder\u001b[39m=\u001b[32m\"\"\u001b[39m\n        \u001b[33mdata-state\u001b[39m=\u001b[32m\"closed\"\u001b[39m\n        \u001b[33mdir\u001b[39m=\u001b[32m\"ltr\"\u001b[39m\n        \u001b[33mrole\u001b[39m=\u001b[32m\"combobox\"\u001b[39m\n        \u001b[33mtype\u001b[39m=\u001b[32m\"button\"\u001b[39m\n      \u001b[36m>\u001b[39m\n        \u001b[36m<span\u001b[39m\n          \u001b[33mstyle\u001b[39m=\u001b[32m\"pointer-events: none;\"\u001b[39m\n        \u001b[36m>\u001b[39m\n          \u001b[0mSelecionar clínica\u001b[0m\n        \u001b[36m</span>\u001b[39m\n        \u001b[36m<svg\u001b[39m\n          \u001b[33maria-hidden\u001b[39m=\u001b[32m\"true\"\u001b[39m\n          \u001b[33mclass\u001b[39m=\u001b[32m\"lucide lucide-chevron-down h-4 w-4 opacity-50\"\u001b[39m\n          \u001b[33mfill\u001b[39m=\u001b[32m\"none\"\u001b[39m\n          \u001b[33mheight\u001b[39m=\u001b[32m\"24\"\u001b[39m\n          \u001b[33mstroke\u001b[39m=\u001b[32m\"currentColor\"\u001b[39m\n          \u001b[33mstroke-linecap\u001b[39m=\u001b[32m\"round\"\u001b[39m\n          \u001b[33mstroke-linejoin\u001b[39m=\u001b[32m\"round\"\u001b[39m\n          \u001b[33mstroke-width\u001b[39m=\u001b[32m\"2\"\u001b[39m\n          \u001b[33mviewBox\u001b[39m=\u001b[32m\"0 0 24 24\"\u001b[39m\n          \u001b[33mwidth\u001b[39m=\u001b[32m\"24\"\u001b[39m\n          \u001b[33mxmlns\u001b[39m=\u001b[32m\"http://www.w3.org/2000/svg\"\u001b[39m\n        \u001b[36m>\u001b[39m\n          \u001b[36m<path\u001b[39m\n            \u001b[33md\u001b[39m=\u001b[32m\"m6 9 6 6 6-6\"\u001b[39m\n          \u001b[36m/>\u001b[39m\n        \u001b[36m</svg>\u001b[39m\n      \u001b[36m</button>\u001b[39m\n    \u001b[36m</div>\u001b[39m\n  \u001b[36m</div>\u001b[39m\n\u001b[36m</body>\u001b[39m"],"location":{"line":37,"column":19}},{"ancestorTitles":["","ClinicSelector"],"fullName":" ClinicSelector deve persistir seleção no localStorage","status":"failed","title":"deve persistir seleção no localStorage","duration":155,"failureMessages":["expected null to be truthy"],"location":{"line":193,"column":25}},{"ancestorTitles":["","ClinicSelector"],"fullName":" ClinicSelector deve carregar seleção do localStorage","status":"failed","title":"deve carregar seleção do localStorage","duration":30,"failureMessages":["Unable to find an element with the display value: Centro Médico Bem Estar.\n\nIgnored nodes: comments, script, style\n\u001b[36m<body\u001b[39m\n  \u001b[33mstyle\u001b[39m=\u001b[32m\"\"\u001b[39m\n\u001b[36m>\u001b[39m\n  \u001b[36m<div>\u001b[39m\n    \u001b[36m<div\u001b[39m\n      \u001b[33mclass\u001b[39m=\u001b[32m\"flex items-center space-x-2\"\u001b[39m\n    \u001b[36m>\u001b[39m\n      \u001b[36m<svg\u001b[39m\n        \u001b[33mclass\u001b[39m=\u001b[32m\"lucide lucide-building2 h-4 w-4 text-muted-foreground\"\u001b[39m\n        \u001b[33mfill\u001b[39m=\u001b[32m\"none\"\u001b[39m\n        \u001b[33mheight\u001b[39m=\u001b[32m\"24\"\u001b[39m\n        \u001b[33mstroke\u001b[39m=\u001b[32m\"currentColor\"\u001b[39m\n        \u001b[33mstroke-linecap\u001b[39m=\u001b[32m\"round\"\u001b[39m\n        \u001b[33mstroke-linejoin\u001b[39m=\u001b[32m\"round\"\u001b[39m\n        \u001b[33mstroke-width\u001b[39m=\u001b[32m\"2\"\u001b[39m\n        \u001b[33mviewBox\u001b[39m=\u001b[32m\"0 0 24 24\"\u001b[39m\n        \u001b[33mwidth\u001b[39m=\u001b[32m\"24\"\u001b[39m\n        \u001b[33mxmlns\u001b[39m=\u001b[32m\"http://www.w3.org/2000/svg\"\u001b[39m\n      \u001b[36m>\u001b[39m\n        \u001b[36m<path\u001b[39m\n          \u001b[33md\u001b[39m=\u001b[32m\"M6 22V4a2 2 0 0 1 2-2h8a2 2 0 0 1 2 2v18Z\"\u001b[39m\n        \u001b[36m/>\u001b[39m\n        \u001b[36m<path\u001b[39m\n          \u001b[33md\u001b[39m=\u001b[32m\"M6 12H4a2 2 0 0 0-2 2v6a2 2 0 0 0 2 2h2\"\u001b[39m\n        \u001b[36m/>\u001b[39m\n        \u001b[36m<path\u001b[39m\n          \u001b[33md\u001b[39m=\u001b[32m\"M18 9h2a2 2 0 0 1 2 2v9a2 2 0 0 1-2 2h-2\"\u001b[39m\n        \u001b[36m/>\u001b[39m\n        \u001b[36m<path\u001b[39m\n          \u001b[33md\u001b[39m=\u001b[32m\"M10 6h4\"\u001b[39m\n        \u001b[36m/>\u001b[39m\n        \u001b[36m<path\u001b[39m\n          \u001b[33md\u001b[39m=\u001b[32m\"M10 10h4\"\u001b[39m\n        \u001b[36m/>\u001b[39m\n        \u001b[36m<path\u001b[39m\n          \u001b[33md\u001b[39m=\u001b[32m\"M10 14h4\"\u001b[39m\n        \u001b[36m/>\u001b[39m\n        \u001b[36m<path\u001b[39m\n          \u001b[33md\u001b[39m=\u001b[32m\"M10 18h4\"\u001b[39m\n        \u001b[36m/>\u001b[39m\n      \u001b[36m</svg>\u001b[39m\n      \u001b[36m<button\u001b[39m\n        \u001b[33maria-autocomplete\u001b[39m=\u001b[32m\"none\"\u001b[39m\n        \u001b[33maria-controls\u001b[39m=\u001b[32m\"radix-:rv:\"\u001b[39m\n        \u001b[33maria-expanded\u001b[39m=\u001b[32m\"false\"\u001b[39m\n        \u001b[33mclass\u001b[39m=\u001b[32m\"flex h-10 items-center justify-between rounded-md border border-input bg-background px-3 py-2 text-sm ring-offset-background placeholder:text-muted-foreground focus:outline-none focus:ring-2 focus:ring-ring focus:ring-offset-2 disabled:cursor-not-allowed disabled:opacity-50 [&>span]:line-clamp-1 w-[200px]\"\u001b[39m\n        \u001b[33mdata-placeholder\u001b[39m=\u001b[32m\"\"\u001b[39m\n        \u001b[33mdata-state\u001b[39m=\u001b[32m\"closed\"\u001b[39m\n        \u001b[33mdir\u001b[39m=\u001b[32m\"ltr\"\u001b[39m\n        \u001b[33mrole\u001b[39m=\u001b[32m\"combobox\"\u001b[39m\n        \u001b[33mtype\u001b[39m=\u001b[32m\"button\"\u001b[39m\n      \u001b[36m>\u001b[39m\n        \u001b[36m<span\u001b[39m\n          \u001b[33mstyle\u001b[39m=\u001b[32m\"pointer-events: none;\"\u001b[39m\n        \u001b[36m>\u001b[39m\n          \u001b[0mSelecionar clínica\u001b[0m\n        \u001b[36m</span>\u001b[39m\n        \u001b[36m<svg\u001b[39m\n          \u001b[33maria-hidden\u001b[39m=\u001b[32m\"true\"\u001b[39m\n          \u001b[33mclass\u001b[39m=\u001b[32m\"lucide lucide-chevron-down h-4 w-4 opacity-50\"\u001b[39m\n          \u001b[33mfill\u001b[39m=\u001b[32m\"none\"\u001b[39m\n          \u001b[33mheight\u001b[39m=\u001b[32m\"24\"\u001b[39m\n          \u001b[33mstroke\u001b[39m=\u001b[32m\"currentColor\"\u001b[39m\n          \u001b[33mstroke-linecap\u001b[39m=\u001b[32m\"round\"\u001b[39m\n          \u001b[33mstroke-linejoin\u001b[39m=\u001b[32m\"round\"\u001b[39m\n          \u001b[33mstroke-width\u001b[39m=\u001b[32m\"2\"\u001b[39m\n          \u001b[33mviewBox\u001b[39m=\u001b[32m\"0 0 24 24\"\u001b[39m\n          \u001b[33mwidth\u001b[39m=\u001b[32m\"24\"\u001b[39m\n          \u001b[33mxmlns\u001b[39m=\u001b[32m\"http://www.w3.org/2000/svg\"\u001b[39m\n        \u001b[36m>\u001b[39m\n          \u001b[36m<path\u001b[39m\n            \u001b[33md\u001b[39m=\u001b[32m\"m6 9 6 6 6-6\"\u001b[39m\n          \u001b[36m/>\u001b[39m\n        \u001b[36m</svg>\u001b[39m\n      \u001b[36m</button>\u001b[39m\n    \u001b[36m</div>\u001b[39m\n  \u001b[36m</div>\u001b[39m\n\u001b[36m</body>\u001b[39m"],"location":{"line":37,"column":19}},{"ancestorTitles":["","ClinicSelector - Permissões"],"fullName":" ClinicSelector - Permissões não deve renderizar para usuário não admin lify","status":"failed","title":"não deve renderizar para usuário não admin lify","duration":43,"failureMessages":["\u001b[2mexpect(\u001b[22m\u001b[31melement\u001b[39m\u001b[2m).not.toBeInTheDocument()\u001b[22m\n\n\u001b[31mexpected document not to contain element, found <button\n  aria-autocomplete=\"none\"\n  aria-controls=\"radix-:r13:\"\n  aria-expanded=\"false\"\n  class=\"flex h-10 items-center justify-between rounded-md border border-input bg-background px-3 py-2 text-sm ring-offset-background placeholder:text-muted-foreground focus:outline-none focus:ring-2 focus:ring-ring focus:ring-offset-2 disabled:cursor-not-allowed disabled:opacity-50 [&>span]:line-clamp-1 w-[200px]\"\n  data-placeholder=\"\"\n  data-state=\"closed\"\n  dir=\"ltr\"\n  role=\"combobox\"\n  type=\"button\"\n>\n  <span\n    style=\"pointer-events: none;\"\n  >\n    Selecionar clínica\n  </span>\n  <svg\n    aria-hidden=\"true\"\n    class=\"lucide lucide-chevron-down h-4 w-4 opacity-50\"\n    fill=\"none\"\n    height=\"24\"\n    stroke=\"currentColor\"\n    stroke-linecap=\"round\"\n    stroke-linejoin=\"round\"\n    stroke-width=\"2\"\n    viewBox=\"0 0 24 24\"\n    width=\"24\"\n    xmlns=\"http://www.w3.org/2000/svg\"\n  >\n    <path\n      d=\"m6 9 6 6 6-6\"\n    />\n  </svg>\n</button> instead\u001b[39m"],"location":{"line":246,"column":48}}],"startTime":1757868196663,"endTime":1757868197582,"status":"failed","message":"","name":"/Users/lucascantoni/Desktop/AtendeAí 2.0/src/tests/ClinicSelector.test.tsx"},{"assertionResults":[],"startTime":1757868194786,"endTime":1757868194786,"status":"failed","message":"  \u001b[31m×\u001b[0m Expected ';', got 'integracao'\n    ╭─[\u001b[36;1;4m/Users/lucascantoni/Desktop/AtendeAí 2.0/tests/integration/agenda_integration.simple.test.ts:80:1\u001b[0m]\n \u001b[2m77\u001b[0m │   const googleCalendar = mockUseGoogleCalendar();\n \u001b[2m78\u001b[0m │   \n \u001b[2m79\u001b[0m │   if (googleCalendar.isLoading) {\n \u001b[2m80\u001b[0m │     return <div>Carregando integracao...</div>;\n    · \u001b[35;1m                           ──────────\u001b[0m\n \u001b[2m81\u001b[0m │   }\n \u001b[2m82\u001b[0m │   \n \u001b[2m83\u001b[0m │   if (!googleCalendar.isConnected) {\n    ╰────\n\n\nCaused by:\n    Syntax Error","name":"/Users/lucascantoni/Desktop/AtendeAí 2.0/tests/integration/agenda_integration.simple.test.ts"},{"assertionResults":[{"ancestorTitles":["","Agenda Integration Smoke Tests"],"fullName":" Agenda Integration Smoke Tests should render agenda page with loading state","status":"failed","title":"should render agenda page with loading state","duration":144,"failureMessages":["Unable to find an element with the text: Carregando integração.... This could be because the text is broken up by multiple elements. In this case, you can provide a function for your text matcher to make your matcher more flexible.\n\nIgnored nodes: comments, script, style\n\u001b[36m<body>\u001b[39m\n  \u001b[36m<div>\u001b[39m\n    \u001b[36m<div\u001b[39m\n      \u001b[33mclass\u001b[39m=\u001b[32m\"container mx-auto p-6\"\u001b[39m\n    \u001b[36m>\u001b[39m\n      \u001b[36m<div\u001b[39m\n        \u001b[33mclass\u001b[39m=\u001b[32m\"flex items-center justify-between mb-6\"\u001b[39m\n      \u001b[36m>\u001b[39m\n        \u001b[36m<div\u001b[39m\n          \u001b[33mclass\u001b[39m=\u001b[32m\"flex items-center space-x-4\"\u001b[39m\n        \u001b[36m>\u001b[39m\n          \u001b[36m<div\u001b[39m\n            \u001b[33mclass\u001b[39m=\u001b[32m\"flex items-center space-x-2\"\u001b[39m\n          \u001b[36m>\u001b[39m\n            \u001b[36m<svg\u001b[39m\n              \u001b[33mclass\u001b[39m=\u001b[32m\"lucide lucide-calendar h-6 w-6 text-primary\"\u001b[39m\n              \u001b[33mfill\u001b[39m=\u001b[32m\"none\"\u001b[39m\n              \u001b[33mheight\u001b[39m=\u001b[32m\"24\"\u001b[39m\n              \u001b[33mstroke\u001b[39m=\u001b[32m\"currentColor\"\u001b[39m\n              \u001b[33mstroke-linecap\u001b[39m=\u001b[32m\"round\"\u001b[39m\n              \u001b[33mstroke-linejoin\u001b[39m=\u001b[32m\"round\"\u001b[39m\n              \u001b[33mstroke-width\u001b[39m=\u001b[32m\"2\"\u001b[39m\n              \u001b[33mviewBox\u001b[39m=\u001b[32m\"0 0 24 24\"\u001b[39m\n              \u001b[33mwidth\u001b[39m=\u001b[32m\"24\"\u001b[39m\n              \u001b[33mxmlns\u001b[39m=\u001b[32m\"http://www.w3.org/2000/svg\"\u001b[39m\n            \u001b[36m>\u001b[39m\n              \u001b[36m<path\u001b[39m\n                \u001b[33md\u001b[39m=\u001b[32m\"M8 2v4\"\u001b[39m\n              \u001b[36m/>\u001b[39m\n              \u001b[36m<path\u001b[39m\n                \u001b[33md\u001b[39m=\u001b[32m\"M16 2v4\"\u001b[39m\n              \u001b[36m/>\u001b[39m\n              \u001b[36m<rect\u001b[39m\n                \u001b[33mheight\u001b[39m=\u001b[32m\"18\"\u001b[39m\n                \u001b[33mrx\u001b[39m=\u001b[32m\"2\"\u001b[39m\n                \u001b[33mwidth\u001b[39m=\u001b[32m\"18\"\u001b[39m\n                \u001b[33mx\u001b[39m=\u001b[32m\"3\"\u001b[39m\n                \u001b[33my\u001b[39m=\u001b[32m\"4\"\u001b[39m\n              \u001b[36m/>\u001b[39m\n              \u001b[36m<path\u001b[39m\n                \u001b[33md\u001b[39m=\u001b[32m\"M3 10h18\"\u001b[39m\n              \u001b[36m/>\u001b[39m\n            \u001b[36m</svg>\u001b[39m\n            \u001b[36m<h1\u001b[39m\n              \u001b[33mclass\u001b[39m=\u001b[32m\"text-2xl font-bold\"\u001b[39m\n            \u001b[36m>\u001b[39m\n              \u001b[0mAgenda\u001b[0m\n            \u001b[36m</h1>\u001b[39m\n          \u001b[36m</div>\u001b[39m\n          \u001b[36m<div\u001b[39m\n            \u001b[33mclass\u001b[39m=\u001b[32m\"flex items-center space-x-2\"\u001b[39m\n          \u001b[36m>\u001b[39m\n            \u001b[36m<button\u001b[39m\n              \u001b[33mclass\u001b[39m=\u001b[32m\"inline-flex items-center justify-center gap-2 whitespace-nowrap text-sm font-medium ring-offset-background transition-colors focus-visible:outline-none focus-visible:ring-2 focus-visible:ring-ring focus-visible:ring-offset-2 disabled:pointer-events-none disabled:opacity-50 [&_svg]:pointer-events-none [&_svg]:size-4 [&_svg]:shrink-0 border border-input bg-background hover:bg-accent hover:text-accent-foreground h-9 rounded-md px-3\"\u001b[39m\n            \u001b[36m>\u001b[39m\n              \u001b[36m<svg\u001b[39m\n                \u001b[33mclass\u001b[39m=\u001b[32m\"lucide lucide-chevron-left h-4 w-4\"\u001b[39m\n                \u001b[33mfill\u001b[39m=\u001b[32m\"none\"\u001b[39m\n                \u001b[33mheight\u001b[39m=\u001b[32m\"24\"\u001b[39m\n                \u001b[33mstroke\u001b[39m=\u001b[32m\"currentColor\"\u001b[39m\n                \u001b[33mstroke-linecap\u001b[39m=\u001b[32m\"round\"\u001b[39m\n                \u001b[33mstroke-linejoin\u001b[39m=\u001b[32m\"round\"\u001b[39m\n                \u001b[33mstroke-width\u001b[39m=\u001b[32m\"2\"\u001b[39m\n                \u001b[33mviewBox\u001b[39m=\u001b[32m\"0 0 24 24\"\u001b[39m\n                \u001b[33mwidth\u001b[39m=\u001b[32m\"24\"\u001b[39m\n                \u001b[33mxmlns\u001b[39m=\u001b[32m\"http://www.w3.org/2000/svg\"\u001b[39m\n              \u001b[36m>\u001b[39m\n                \u001b[36m<path\u001b[39m\n                  \u001b[33md\u001b[39m=\u001b[32m\"m15 18-6-6 6-6\"\u001b[39m\n                \u001b[36m/>\u001b[39m\n              \u001b[36m</svg>\u001b[39m\n            \u001b[36m</button>\u001b[39m\n            \u001b[36m<span\u001b[39m\n              \u001b[33mclass\u001b[39m=\u001b[32m\"text-lg font-medium min-w-[200px] text-center\"\u001b[39m\n            \u001b[36m>\u001b[39m\n              \u001b[0mSemana de 14 de setembro, 2025\u001b[0m\n            \u001b[36m</span>\u001b[39m\n            \u001b[36m<button\u001b[39m\n              \u001b[33mclass\u001b[39m=\u001b[32m\"inline-flex items-center justify-center gap-2 whitespace-nowrap text-sm font-medium ring-offset-background transition-colors focus-visible:outline-none focus-visible:ring-2 focus-visible:ring-ring focus-visible:ring-offset-2 disabled:pointer-events-none disabled:opacity-50 [&_svg]:pointer-events-none [&_svg]:size-4 [&_svg]:shrink-0 border border-input bg-background hover:bg-accent hover:text-accent-foreground h-9 rounded-md px-3\"\u001b[39m\n            \u001b[36m>\u001b[39m\n              \u001b[36m<svg\u001b[39m\n                \u001b[33mclass\u001b[39m=\u001b[32m\"lucide lucide-chevron-right h-4 w-4\"\u001b[39m\n                \u001b[33mfill\u001b[39m=\u001b[32m\"none\"\u001b[39m\n                \u001b[33mheight\u001b[39m=\u001b[32m\"24\"\u001b[39m\n                \u001b[33mstroke\u001b[39m=\u001b[32m\"currentColor\"\u001b[39m\n                \u001b[33mstroke-linecap\u001b[39m=\u001b[32m\"round\"\u001b[39m\n                \u001b[33mstroke-linejoin\u001b[39m=\u001b[32m\"round\"\u001b[39m\n                \u001b[33mstroke-width\u001b[39m=\u001b[32m\"2\"\u001b[39m\n                \u001b[33mviewBox\u001b[39m=\u001b[32m\"0 0 24 24\"\u001b[39m\n                \u001b[33mwidth\u001b[39m=\u001b[32m\"24\"\u001b[39m\n                \u001b[33mxmlns\u001b[39m=\u001b[32m\"http://www.w3.org/2000/svg\"\u001b[39m\n              \u001b[36m>\u001b[39m\n                \u001b[36m<path\u001b[39m\n                  \u001b[33md\u001b[39m=\u001b[32m\"m9 18 6-6-6-6\"\u001b[39m\n                \u001b[36m/>\u001b[39m\n              \u001b[36m</svg>\u001b[39m\n            \u001b[36m</button>\u001b[39m\n          \u001b[36m</div>\u001b[39m\n        \u001b[36m</div>\u001b[39m\n        \u001b[36m<div\u001b[39m\n          \u001b[33mclass\u001b[39m=\u001b[32m\"flex items-center space-x-2\"\u001b[39m\n        \u001b[36m>\u001b[39m\n          \u001b[36m<div\u001b[39m\n            \u001b[33mclass\u001b[39m=\u001b[32m\"flex border rounded-lg\"\u001b[39m\n          \u001b[36m>\u001b[39m\n            \u001b[36m<button\u001b[39m\n              \u001b[33mclass\u001b[39m=\u001b[32m\"inline-flex items-center justify-center gap-2 whitespace-nowrap text-sm font-medium ring-offset-background transition-colors focus-visible:outline-none focus-visible:ring-2 focus-visible:ring-ring focus-visible:ring-offset-2 disabled:pointer-events-none disabled:opacity-50 [&_svg]:pointer-events-none [&_svg]:size-4 [&_svg]:shrink-0 bg-primary text-primary-foreground hover:bg-primary/90 h-9 rounded-md px-3 rounded-r-none\"\u001b[39m\n            \u001b[36m>\u001b[39m\n              \u001b[0mSemana\u001b[0m\n            \u001b[36m</button>\u001b[39m\n            \u001b[36m<button\u001b[39m\n              \u001b[33mclass\u001b[39m=\u001b[32m\"inline-flex items-center justify-center gap-2 whitespace-nowrap text-sm font-medium ring-offset-background transition-colors focus-visible:outline-none focus-visible:ring-2 focus-visible:ring-ring focus-visible:ring-offset-2 disabled:pointer-events-none disabled:opacity-50 [&_svg]:pointer-events-none [&_svg]:size-4 [&_svg]:shrink-0 hover:bg-accent hover:text-accent-foreground h-9 px-3 rounded-none border-l border-r\"\u001b[39m\n            \u001b[36m>\u001b[39m\n              \u001b[0mMês\u001b[0m\n            \u001b[36m</button>\u001b[39m\n            \u001b[36m<button\u001b[39m\n              \u001b[33mclass\u001b[39m=\u001b[32m\"inline-flex items-center justify-center gap-2 whitespace-nowrap text-sm font-medium ring-offset-background transition-colors focus-visible:outline-none focus-visible:ring-2 focus-visible:ring-ring focus-visible:ring-offset-2 disabled:pointer-events-none disabled:opacity-50 [&_svg]:pointer-events-none [&_svg]:size-4 [&_svg]:shrink-0 hover:bg-accent hover:text-accent-foreground h-9 rounded-md px-3 rounded-l-none\"\u001b[39m\n            \u001b[36m>\u001b[39m\n              \u001b[0mAno\u001b[0m\n            \u001b[36m</button>\u001b[39m\n          \u001b[36m</div>\u001b[39m\n          \u001b[36m<button\u001b[39m\n            \u001b[33mclass\u001b[3..."],"location":{"line":37,"column":19}},{"ancestorTitles":["","Agenda Integration Smoke Tests"],"fullName":" Agenda Integration Smoke Tests should render disconnected state with connect button","status":"failed","title":"should render disconnected state with connect button","duration":47,"failureMessages":["Unable to find an element with the text: Google Calendar não conectado. This could be because the text is broken up by multiple elements. In this case, you can provide a function for your text matcher to make your matcher more flexible.\n\nIgnored nodes: comments, script, style\n\u001b[36m<body>\u001b[39m\n  \u001b[36m<div>\u001b[39m\n    \u001b[36m<div\u001b[39m\n      \u001b[33mclass\u001b[39m=\u001b[32m\"container mx-auto p-6\"\u001b[39m\n    \u001b[36m>\u001b[39m\n      \u001b[36m<div\u001b[39m\n        \u001b[33mclass\u001b[39m=\u001b[32m\"flex items-center justify-between mb-6\"\u001b[39m\n      \u001b[36m>\u001b[39m\n        \u001b[36m<div\u001b[39m\n          \u001b[33mclass\u001b[39m=\u001b[32m\"flex items-center space-x-4\"\u001b[39m\n        \u001b[36m>\u001b[39m\n          \u001b[36m<div\u001b[39m\n            \u001b[33mclass\u001b[39m=\u001b[32m\"flex items-center space-x-2\"\u001b[39m\n          \u001b[36m>\u001b[39m\n            \u001b[36m<svg\u001b[39m\n              \u001b[33mclass\u001b[39m=\u001b[32m\"lucide lucide-calendar h-6 w-6 text-primary\"\u001b[39m\n              \u001b[33mfill\u001b[39m=\u001b[32m\"none\"\u001b[39m\n              \u001b[33mheight\u001b[39m=\u001b[32m\"24\"\u001b[39m\n              \u001b[33mstroke\u001b[39m=\u001b[32m\"currentColor\"\u001b[39m\n              \u001b[33mstroke-linecap\u001b[39m=\u001b[32m\"round\"\u001b[39m\n              \u001b[33mstroke-linejoin\u001b[39m=\u001b[32m\"round\"\u001b[39m\n              \u001b[33mstroke-width\u001b[39m=\u001b[32m\"2\"\u001b[39m\n              \u001b[33mviewBox\u001b[39m=\u001b[32m\"0 0 24 24\"\u001b[39m\n              \u001b[33mwidth\u001b[39m=\u001b[32m\"24\"\u001b[39m\n              \u001b[33mxmlns\u001b[39m=\u001b[32m\"http://www.w3.org/2000/svg\"\u001b[39m\n            \u001b[36m>\u001b[39m\n              \u001b[36m<path\u001b[39m\n                \u001b[33md\u001b[39m=\u001b[32m\"M8 2v4\"\u001b[39m\n              \u001b[36m/>\u001b[39m\n              \u001b[36m<path\u001b[39m\n                \u001b[33md\u001b[39m=\u001b[32m\"M16 2v4\"\u001b[39m\n              \u001b[36m/>\u001b[39m\n              \u001b[36m<rect\u001b[39m\n                \u001b[33mheight\u001b[39m=\u001b[32m\"18\"\u001b[39m\n                \u001b[33mrx\u001b[39m=\u001b[32m\"2\"\u001b[39m\n                \u001b[33mwidth\u001b[39m=\u001b[32m\"18\"\u001b[39m\n                \u001b[33mx\u001b[39m=\u001b[32m\"3\"\u001b[39m\n                \u001b[33my\u001b[39m=\u001b[32m\"4\"\u001b[39m\n              \u001b[36m/>\u001b[39m\n              \u001b[36m<path\u001b[39m\n                \u001b[33md\u001b[39m=\u001b[32m\"M3 10h18\"\u001b[39m\n              \u001b[36m/>\u001b[39m\n            \u001b[36m</svg>\u001b[39m\n            \u001b[36m<h1\u001b[39m\n              \u001b[33mclass\u001b[39m=\u001b[32m\"text-2xl font-bold\"\u001b[39m\n            \u001b[36m>\u001b[39m\n              \u001b[0mAgenda\u001b[0m\n            \u001b[36m</h1>\u001b[39m\n          \u001b[36m</div>\u001b[39m\n          \u001b[36m<div\u001b[39m\n            \u001b[33mclass\u001b[39m=\u001b[32m\"flex items-center space-x-2\"\u001b[39m\n          \u001b[36m>\u001b[39m\n            \u001b[36m<button\u001b[39m\n              \u001b[33mclass\u001b[39m=\u001b[32m\"inline-flex items-center justify-center gap-2 whitespace-nowrap text-sm font-medium ring-offset-background transition-colors focus-visible:outline-none focus-visible:ring-2 focus-visible:ring-ring focus-visible:ring-offset-2 disabled:pointer-events-none disabled:opacity-50 [&_svg]:pointer-events-none [&_svg]:size-4 [&_svg]:shrink-0 border border-input bg-background hover:bg-accent hover:text-accent-foreground h-9 rounded-md px-3\"\u001b[39m\n            \u001b[36m>\u001b[39m\n              \u001b[36m<svg\u001b[39m\n                \u001b[33mclass\u001b[39m=\u001b[32m\"lucide lucide-chevron-left h-4 w-4\"\u001b[39m\n                \u001b[33mfill\u001b[39m=\u001b[32m\"none\"\u001b[39m\n                \u001b[33mheight\u001b[39m=\u001b[32m\"24\"\u001b[39m\n                \u001b[33mstroke\u001b[39m=\u001b[32m\"currentColor\"\u001b[39m\n                \u001b[33mstroke-linecap\u001b[39m=\u001b[32m\"round\"\u001b[39m\n                \u001b[33mstroke-linejoin\u001b[39m=\u001b[32m\"round\"\u001b[39m\n                \u001b[33mstroke-width\u001b[39m=\u001b[32m\"2\"\u001b[39m\n                \u001b[33mviewBox\u001b[39m=\u001b[32m\"0 0 24 24\"\u001b[39m\n                \u001b[33mwidth\u001b[39m=\u001b[32m\"24\"\u001b[39m\n                \u001b[33mxmlns\u001b[39m=\u001b[32m\"http://www.w3.org/2000/svg\"\u001b[39m\n              \u001b[36m>\u001b[39m\n                \u001b[36m<path\u001b[39m\n                  \u001b[33md\u001b[39m=\u001b[32m\"m15 18-6-6 6-6\"\u001b[39m\n                \u001b[36m/>\u001b[39m\n              \u001b[36m</svg>\u001b[39m\n            \u001b[36m</button>\u001b[39m\n            \u001b[36m<span\u001b[39m\n              \u001b[33mclass\u001b[39m=\u001b[32m\"text-lg font-medium min-w-[200px] text-center\"\u001b[39m\n            \u001b[36m>\u001b[39m\n              \u001b[0mSemana de 14 de setembro, 2025\u001b[0m\n            \u001b[36m</span>\u001b[39m\n            \u001b[36m<button\u001b[39m\n              \u001b[33mclass\u001b[39m=\u001b[32m\"inline-flex items-center justify-center gap-2 whitespace-nowrap text-sm font-medium ring-offset-background transition-colors focus-visible:outline-none focus-visible:ring-2 focus-visible:ring-ring focus-visible:ring-offset-2 disabled:pointer-events-none disabled:opacity-50 [&_svg]:pointer-events-none [&_svg]:size-4 [&_svg]:shrink-0 border border-input bg-background hover:bg-accent hover:text-accent-foreground h-9 rounded-md px-3\"\u001b[39m\n            \u001b[36m>\u001b[39m\n              \u001b[36m<svg\u001b[39m\n                \u001b[33mclass\u001b[39m=\u001b[32m\"lucide lucide-chevron-right h-4 w-4\"\u001b[39m\n                \u001b[33mfill\u001b[39m=\u001b[32m\"none\"\u001b[39m\n                \u001b[33mheight\u001b[39m=\u001b[32m\"24\"\u001b[39m\n                \u001b[33mstroke\u001b[39m=\u001b[32m\"currentColor\"\u001b[39m\n                \u001b[33mstroke-linecap\u001b[39m=\u001b[32m\"round\"\u001b[39m\n                \u001b[33mstroke-linejoin\u001b[39m=\u001b[32m\"round\"\u001b[39m\n                \u001b[33mstroke-width\u001b[39m=\u001b[32m\"2\"\u001b[39m\n                \u001b[33mviewBox\u001b[39m=\u001b[32m\"0 0 24 24\"\u001b[39m\n                \u001b[33mwidth\u001b[39m=\u001b[32m\"24\"\u001b[39m\n                \u001b[33mxmlns\u001b[39m=\u001b[32m\"http://www.w3.org/2000/svg\"\u001b[39m\n              \u001b[36m>\u001b[39m\n                \u001b[36m<path\u001b[39m\n                  \u001b[33md\u001b[39m=\u001b[32m\"m9 18 6-6-6-6\"\u001b[39m\n                \u001b[36m/>\u001b[39m\n              \u001b[36m</svg>\u001b[39m\n            \u001b[36m</button>\u001b[39m\n          \u001b[36m</div>\u001b[39m\n        \u001b[36m</div>\u001b[39m\n        \u001b[36m<div\u001b[39m\n          \u001b[33mclass\u001b[39m=\u001b[32m\"flex items-center space-x-2\"\u001b[39m\n        \u001b[36m>\u001b[39m\n          \u001b[36m<div\u001b[39m\n            \u001b[33mclass\u001b[39m=\u001b[32m\"flex border rounded-lg\"\u001b[39m\n          \u001b[36m>\u001b[39m\n            \u001b[36m<button\u001b[39m\n              \u001b[33mclass\u001b[39m=\u001b[32m\"inline-flex items-center justify-center gap-2 whitespace-nowrap text-sm font-medium ring-offset-background transition-colors focus-visible:outline-none focus-visible:ring-2 focus-visible:ring-ring focus-visible:ring-offset-2 disabled:pointer-events-none disabled:opacity-50 [&_svg]:pointer-events-none [&_svg]:size-4 [&_svg]:shrink-0 bg-primary text-primary-foreground hover:bg-primary/90 h-9 rounded-md px-3 rounded-r-none\"\u001b[39m\n            \u001b[36m>\u001b[39m\n              \u001b[0mSemana\u001b[0m\n            \u001b[36m</button>\u001b[39m\n            \u001b[36m<button\u001b[39m\n              \u001b[33mclass\u001b[39m=\u001b[32m\"inline-flex items-center justify-center gap-2 whitespace-nowrap text-sm font-medium ring-offset-background transition-colors focus-visible:outline-none focus-visible:ring-2 focus-visible:ring-ring focus-visible:ring-offset-2 disabled:pointer-events-none disabled:opacity-50 [&_svg]:pointer-events-none [&_svg]:size-4 [&_svg]:shrink-0 hover:bg-accent hover:text-accent-foreground h-9 px-3 rounded-none border-l border-r\"\u001b[39m\n            \u001b[36m>\u001b[39m\n              \u001b[0mMês\u001b[0m\n            \u001b[36m</button>\u001b[39m\n            \u001b[36m<button\u001b[39m\n              \u001b[33mclass\u001b[39m=\u001b[32m\"inline-flex items-center justify-center gap-2 whitespace-nowrap text-sm font-medium ring-offset-background transition-colors focus-visible:outline-none focus-visible:ring-2 focus-visible:ring-ring focus-visible:ring-offset-2 disabled:pointer-events-none disabled:opacity-50 [&_svg]:pointer-events-none [&_svg]:size-4 [&_svg]:shrink-0 hover:bg-accent hover:text-accent-foreground h-9 rounded-md px-3 rounded-l-none\"\u001b[39m\n            \u001b[36m>\u001b[39m\n              \u001b[0mAno\u001b[0m\n            \u001b[36m</button>\u001b[39m\n          \u001b[36m</div>\u001b[39m\n          \u001b[36m<button\u001b[39m\n            \u001b[33mclass\u001b[3..."],"location":{"line":37,"column":19}},{"ancestorTitles":["","Agenda Integration Smoke Tests"],"fullName":" Agenda Integration Smoke Tests should render connected state with calendar info","status":"failed","title":"should render connected state with calendar info","duration":39,"failureMessages":["Unable to find an element with the text: Google Calendar Conectado. This could be because the text is broken up by multiple elements. In this case, you can provide a function for your text matcher to make your matcher more flexible.\n\nIgnored nodes: comments, script, style\n\u001b[36m<body>\u001b[39m\n  \u001b[36m<div>\u001b[39m\n    \u001b[36m<div\u001b[39m\n      \u001b[33mclass\u001b[39m=\u001b[32m\"container mx-auto p-6\"\u001b[39m\n    \u001b[36m>\u001b[39m\n      \u001b[36m<div\u001b[39m\n        \u001b[33mclass\u001b[39m=\u001b[32m\"flex items-center justify-between mb-6\"\u001b[39m\n      \u001b[36m>\u001b[39m\n        \u001b[36m<div\u001b[39m\n          \u001b[33mclass\u001b[39m=\u001b[32m\"flex items-center space-x-4\"\u001b[39m\n        \u001b[36m>\u001b[39m\n          \u001b[36m<div\u001b[39m\n            \u001b[33mclass\u001b[39m=\u001b[32m\"flex items-center space-x-2\"\u001b[39m\n          \u001b[36m>\u001b[39m\n            \u001b[36m<svg\u001b[39m\n              \u001b[33mclass\u001b[39m=\u001b[32m\"lucide lucide-calendar h-6 w-6 text-primary\"\u001b[39m\n              \u001b[33mfill\u001b[39m=\u001b[32m\"none\"\u001b[39m\n              \u001b[33mheight\u001b[39m=\u001b[32m\"24\"\u001b[39m\n              \u001b[33mstroke\u001b[39m=\u001b[32m\"currentColor\"\u001b[39m\n              \u001b[33mstroke-linecap\u001b[39m=\u001b[32m\"round\"\u001b[39m\n              \u001b[33mstroke-linejoin\u001b[39m=\u001b[32m\"round\"\u001b[39m\n              \u001b[33mstroke-width\u001b[39m=\u001b[32m\"2\"\u001b[39m\n              \u001b[33mviewBox\u001b[39m=\u001b[32m\"0 0 24 24\"\u001b[39m\n              \u001b[33mwidth\u001b[39m=\u001b[32m\"24\"\u001b[39m\n              \u001b[33mxmlns\u001b[39m=\u001b[32m\"http://www.w3.org/2000/svg\"\u001b[39m\n            \u001b[36m>\u001b[39m\n              \u001b[36m<path\u001b[39m\n                \u001b[33md\u001b[39m=\u001b[32m\"M8 2v4\"\u001b[39m\n              \u001b[36m/>\u001b[39m\n              \u001b[36m<path\u001b[39m\n                \u001b[33md\u001b[39m=\u001b[32m\"M16 2v4\"\u001b[39m\n              \u001b[36m/>\u001b[39m\n              \u001b[36m<rect\u001b[39m\n                \u001b[33mheight\u001b[39m=\u001b[32m\"18\"\u001b[39m\n                \u001b[33mrx\u001b[39m=\u001b[32m\"2\"\u001b[39m\n                \u001b[33mwidth\u001b[39m=\u001b[32m\"18\"\u001b[39m\n                \u001b[33mx\u001b[39m=\u001b[32m\"3\"\u001b[39m\n                \u001b[33my\u001b[39m=\u001b[32m\"4\"\u001b[39m\n              \u001b[36m/>\u001b[39m\n              \u001b[36m<path\u001b[39m\n                \u001b[33md\u001b[39m=\u001b[32m\"M3 10h18\"\u001b[39m\n              \u001b[36m/>\u001b[39m\n            \u001b[36m</svg>\u001b[39m\n            \u001b[36m<h1\u001b[39m\n              \u001b[33mclass\u001b[39m=\u001b[32m\"text-2xl font-bold\"\u001b[39m\n            \u001b[36m>\u001b[39m\n              \u001b[0mAgenda\u001b[0m\n            \u001b[36m</h1>\u001b[39m\n          \u001b[36m</div>\u001b[39m\n          \u001b[36m<div\u001b[39m\n            \u001b[33mclass\u001b[39m=\u001b[32m\"flex items-center space-x-2\"\u001b[39m\n          \u001b[36m>\u001b[39m\n            \u001b[36m<button\u001b[39m\n              \u001b[33mclass\u001b[39m=\u001b[32m\"inline-flex items-center justify-center gap-2 whitespace-nowrap text-sm font-medium ring-offset-background transition-colors focus-visible:outline-none focus-visible:ring-2 focus-visible:ring-ring focus-visible:ring-offset-2 disabled:pointer-events-none disabled:opacity-50 [&_svg]:pointer-events-none [&_svg]:size-4 [&_svg]:shrink-0 border border-input bg-background hover:bg-accent hover:text-accent-foreground h-9 rounded-md px-3\"\u001b[39m\n            \u001b[36m>\u001b[39m\n              \u001b[36m<svg\u001b[39m\n                \u001b[33mclass\u001b[39m=\u001b[32m\"lucide lucide-chevron-left h-4 w-4\"\u001b[39m\n                \u001b[33mfill\u001b[39m=\u001b[32m\"none\"\u001b[39m\n                \u001b[33mheight\u001b[39m=\u001b[32m\"24\"\u001b[39m\n                \u001b[33mstroke\u001b[39m=\u001b[32m\"currentColor\"\u001b[39m\n                \u001b[33mstroke-linecap\u001b[39m=\u001b[32m\"round\"\u001b[39m\n                \u001b[33mstroke-linejoin\u001b[39m=\u001b[32m\"round\"\u001b[39m\n                \u001b[33mstroke-width\u001b[39m=\u001b[32m\"2\"\u001b[39m\n                \u001b[33mviewBox\u001b[39m=\u001b[32m\"0 0 24 24\"\u001b[39m\n                \u001b[33mwidth\u001b[39m=\u001b[32m\"24\"\u001b[39m\n                \u001b[33mxmlns\u001b[39m=\u001b[32m\"http://www.w3.org/2000/svg\"\u001b[39m\n              \u001b[36m>\u001b[39m\n                \u001b[36m<path\u001b[39m\n                  \u001b[33md\u001b[39m=\u001b[32m\"m15 18-6-6 6-6\"\u001b[39m\n                \u001b[36m/>\u001b[39m\n              \u001b[36m</svg>\u001b[39m\n            \u001b[36m</button>\u001b[39m\n            \u001b[36m<span\u001b[39m\n              \u001b[33mclass\u001b[39m=\u001b[32m\"text-lg font-medium min-w-[200px] text-center\"\u001b[39m\n            \u001b[36m>\u001b[39m\n              \u001b[0mSemana de 14 de setembro, 2025\u001b[0m\n            \u001b[36m</span>\u001b[39m\n            \u001b[36m<button\u001b[39m\n              \u001b[33mclass\u001b[39m=\u001b[32m\"inline-flex items-center justify-center gap-2 whitespace-nowrap text-sm font-medium ring-offset-background transition-colors focus-visible:outline-none focus-visible:ring-2 focus-visible:ring-ring focus-visible:ring-offset-2 disabled:pointer-events-none disabled:opacity-50 [&_svg]:pointer-events-none [&_svg]:size-4 [&_svg]:shrink-0 border border-input bg-background hover:bg-accent hover:text-accent-foreground h-9 rounded-md px-3\"\u001b[39m\n            \u001b[36m>\u001b[39m\n              \u001b[36m<svg\u001b[39m\n                \u001b[33mclass\u001b[39m=\u001b[32m\"lucide lucide-chevron-right h-4 w-4\"\u001b[39m\n                \u001b[33mfill\u001b[39m=\u001b[32m\"none\"\u001b[39m\n                \u001b[33mheight\u001b[39m=\u001b[32m\"24\"\u001b[39m\n                \u001b[33mstroke\u001b[39m=\u001b[32m\"currentColor\"\u001b[39m\n                \u001b[33mstroke-linecap\u001b[39m=\u001b[32m\"round\"\u001b[39m\n                \u001b[33mstroke-linejoin\u001b[39m=\u001b[32m\"round\"\u001b[39m\n                \u001b[33mstroke-width\u001b[39m=\u001b[32m\"2\"\u001b[39m\n                \u001b[33mviewBox\u001b[39m=\u001b[32m\"0 0 24 24\"\u001b[39m\n                \u001b[33mwidth\u001b[39m=\u001b[32m\"24\"\u001b[39m\n                \u001b[33mxmlns\u001b[39m=\u001b[32m\"http://www.w3.org/2000/svg\"\u001b[39m\n              \u001b[36m>\u001b[39m\n                \u001b[36m<path\u001b[39m\n                  \u001b[33md\u001b[39m=\u001b[32m\"m9 18 6-6-6-6\"\u001b[39m\n                \u001b[36m/>\u001b[39m\n              \u001b[36m</svg>\u001b[39m\n            \u001b[36m</button>\u001b[39m\n          \u001b[36m</div>\u001b[39m\n        \u001b[36m</div>\u001b[39m\n        \u001b[36m<div\u001b[39m\n          \u001b[33mclass\u001b[39m=\u001b[32m\"flex items-center space-x-2\"\u001b[39m\n        \u001b[36m>\u001b[39m\n          \u001b[36m<div\u001b[39m\n            \u001b[33mclass\u001b[39m=\u001b[32m\"flex border rounded-lg\"\u001b[39m\n          \u001b[36m>\u001b[39m\n            \u001b[36m<button\u001b[39m\n              \u001b[33mclass\u001b[39m=\u001b[32m\"inline-flex items-center justify-center gap-2 whitespace-nowrap text-sm font-medium ring-offset-background transition-colors focus-visible:outline-none focus-visible:ring-2 focus-visible:ring-ring focus-visible:ring-offset-2 disabled:pointer-events-none disabled:opacity-50 [&_svg]:pointer-events-none [&_svg]:size-4 [&_svg]:shrink-0 bg-primary text-primary-foreground hover:bg-primary/90 h-9 rounded-md px-3 rounded-r-none\"\u001b[39m\n            \u001b[36m>\u001b[39m\n              \u001b[0mSemana\u001b[0m\n            \u001b[36m</button>\u001b[39m\n            \u001b[36m<button\u001b[39m\n              \u001b[33mclass\u001b[39m=\u001b[32m\"inline-flex items-center justify-center gap-2 whitespace-nowrap text-sm font-medium ring-offset-background transition-colors focus-visible:outline-none focus-visible:ring-2 focus-visible:ring-ring focus-visible:ring-offset-2 disabled:pointer-events-none disabled:opacity-50 [&_svg]:pointer-events-none [&_svg]:size-4 [&_svg]:shrink-0 hover:bg-accent hover:text-accent-foreground h-9 px-3 rounded-none border-l border-r\"\u001b[39m\n            \u001b[36m>\u001b[39m\n              \u001b[0mMês\u001b[0m\n            \u001b[36m</button>\u001b[39m\n            \u001b[36m<button\u001b[39m\n              \u001b[33mclass\u001b[39m=\u001b[32m\"inline-flex items-center justify-center gap-2 whitespace-nowrap text-sm font-medium ring-offset-background transition-colors focus-visible:outline-none focus-visible:ring-2 focus-visible:ring-ring focus-visible:ring-offset-2 disabled:pointer-events-none disabled:opacity-50 [&_svg]:pointer-events-none [&_svg]:size-4 [&_svg]:shrink-0 hover:bg-accent hover:text-accent-foreground h-9 rounded-md px-3 rounded-l-none\"\u001b[39m\n            \u001b[36m>\u001b[39m\n              \u001b[0mAno\u001b[0m\n            \u001b[36m</button>\u001b[39m\n          \u001b[36m</div>\u001b[39m\n          \u001b[36m<button\u001b[39m\n            \u001b[33mclass\u001b[3..."],"location":{"line":37,"column":19}},{"ancestorTitles":["","Agenda Integration Smoke Tests"],"fullName":" Agenda Integration Smoke Tests should handle connect button click","status":"failed","title":"should handle connect button click","duration":31,"failureMessages":["Unable to find an element with the text: Conectar Google Calendar. This could be because the text is broken up by multiple elements. In this case, you can provide a function for your text matcher to make your matcher more flexible.\n\nIgnored nodes: comments, script, style\n\u001b[36m<body>\u001b[39m\n  \u001b[36m<div>\u001b[39m\n    \u001b[36m<div\u001b[39m\n      \u001b[33mclass\u001b[39m=\u001b[32m\"container mx-auto p-6\"\u001b[39m\n    \u001b[36m>\u001b[39m\n      \u001b[36m<div\u001b[39m\n        \u001b[33mclass\u001b[39m=\u001b[32m\"flex items-center justify-between mb-6\"\u001b[39m\n      \u001b[36m>\u001b[39m\n        \u001b[36m<div\u001b[39m\n          \u001b[33mclass\u001b[39m=\u001b[32m\"flex items-center space-x-4\"\u001b[39m\n        \u001b[36m>\u001b[39m\n          \u001b[36m<div\u001b[39m\n            \u001b[33mclass\u001b[39m=\u001b[32m\"flex items-center space-x-2\"\u001b[39m\n          \u001b[36m>\u001b[39m\n            \u001b[36m<svg\u001b[39m\n              \u001b[33mclass\u001b[39m=\u001b[32m\"lucide lucide-calendar h-6 w-6 text-primary\"\u001b[39m\n              \u001b[33mfill\u001b[39m=\u001b[32m\"none\"\u001b[39m\n              \u001b[33mheight\u001b[39m=\u001b[32m\"24\"\u001b[39m\n              \u001b[33mstroke\u001b[39m=\u001b[32m\"currentColor\"\u001b[39m\n              \u001b[33mstroke-linecap\u001b[39m=\u001b[32m\"round\"\u001b[39m\n              \u001b[33mstroke-linejoin\u001b[39m=\u001b[32m\"round\"\u001b[39m\n              \u001b[33mstroke-width\u001b[39m=\u001b[32m\"2\"\u001b[39m\n              \u001b[33mviewBox\u001b[39m=\u001b[32m\"0 0 24 24\"\u001b[39m\n              \u001b[33mwidth\u001b[39m=\u001b[32m\"24\"\u001b[39m\n              \u001b[33mxmlns\u001b[39m=\u001b[32m\"http://www.w3.org/2000/svg\"\u001b[39m\n            \u001b[36m>\u001b[39m\n              \u001b[36m<path\u001b[39m\n                \u001b[33md\u001b[39m=\u001b[32m\"M8 2v4\"\u001b[39m\n              \u001b[36m/>\u001b[39m\n              \u001b[36m<path\u001b[39m\n                \u001b[33md\u001b[39m=\u001b[32m\"M16 2v4\"\u001b[39m\n              \u001b[36m/>\u001b[39m\n              \u001b[36m<rect\u001b[39m\n                \u001b[33mheight\u001b[39m=\u001b[32m\"18\"\u001b[39m\n                \u001b[33mrx\u001b[39m=\u001b[32m\"2\"\u001b[39m\n                \u001b[33mwidth\u001b[39m=\u001b[32m\"18\"\u001b[39m\n                \u001b[33mx\u001b[39m=\u001b[32m\"3\"\u001b[39m\n                \u001b[33my\u001b[39m=\u001b[32m\"4\"\u001b[39m\n              \u001b[36m/>\u001b[39m\n              \u001b[36m<path\u001b[39m\n                \u001b[33md\u001b[39m=\u001b[32m\"M3 10h18\"\u001b[39m\n              \u001b[36m/>\u001b[39m\n            \u001b[36m</svg>\u001b[39m\n            \u001b[36m<h1\u001b[39m\n              \u001b[33mclass\u001b[39m=\u001b[32m\"text-2xl font-bold\"\u001b[39m\n            \u001b[36m>\u001b[39m\n              \u001b[0mAgenda\u001b[0m\n            \u001b[36m</h1>\u001b[39m\n          \u001b[36m</div>\u001b[39m\n          \u001b[36m<div\u001b[39m\n            \u001b[33mclass\u001b[39m=\u001b[32m\"flex items-center space-x-2\"\u001b[39m\n          \u001b[36m>\u001b[39m\n            \u001b[36m<button\u001b[39m\n              \u001b[33mclass\u001b[39m=\u001b[32m\"inline-flex items-center justify-center gap-2 whitespace-nowrap text-sm font-medium ring-offset-background transition-colors focus-visible:outline-none focus-visible:ring-2 focus-visible:ring-ring focus-visible:ring-offset-2 disabled:pointer-events-none disabled:opacity-50 [&_svg]:pointer-events-none [&_svg]:size-4 [&_svg]:shrink-0 border border-input bg-background hover:bg-accent hover:text-accent-foreground h-9 rounded-md px-3\"\u001b[39m\n            \u001b[36m>\u001b[39m\n              \u001b[36m<svg\u001b[39m\n                \u001b[33mclass\u001b[39m=\u001b[32m\"lucide lucide-chevron-left h-4 w-4\"\u001b[39m\n                \u001b[33mfill\u001b[39m=\u001b[32m\"none\"\u001b[39m\n                \u001b[33mheight\u001b[39m=\u001b[32m\"24\"\u001b[39m\n                \u001b[33mstroke\u001b[39m=\u001b[32m\"currentColor\"\u001b[39m\n                \u001b[33mstroke-linecap\u001b[39m=\u001b[32m\"round\"\u001b[39m\n                \u001b[33mstroke-linejoin\u001b[39m=\u001b[32m\"round\"\u001b[39m\n                \u001b[33mstroke-width\u001b[39m=\u001b[32m\"2\"\u001b[39m\n                \u001b[33mviewBox\u001b[39m=\u001b[32m\"0 0 24 24\"\u001b[39m\n                \u001b[33mwidth\u001b[39m=\u001b[32m\"24\"\u001b[39m\n                \u001b[33mxmlns\u001b[39m=\u001b[32m\"http://www.w3.org/2000/svg\"\u001b[39m\n              \u001b[36m>\u001b[39m\n                \u001b[36m<path\u001b[39m\n                  \u001b[33md\u001b[39m=\u001b[32m\"m15 18-6-6 6-6\"\u001b[39m\n                \u001b[36m/>\u001b[39m\n              \u001b[36m</svg>\u001b[39m\n            \u001b[36m</button>\u001b[39m\n            \u001b[36m<span\u001b[39m\n              \u001b[33mclass\u001b[39m=\u001b[32m\"text-lg font-medium min-w-[200px] text-center\"\u001b[39m\n            \u001b[36m>\u001b[39m\n              \u001b[0mSemana de 14 de setembro, 2025\u001b[0m\n            \u001b[36m</span>\u001b[39m\n            \u001b[36m<button\u001b[39m\n              \u001b[33mclass\u001b[39m=\u001b[32m\"inline-flex items-center justify-center gap-2 whitespace-nowrap text-sm font-medium ring-offset-background transition-colors focus-visible:outline-none focus-visible:ring-2 focus-visible:ring-ring focus-visible:ring-offset-2 disabled:pointer-events-none disabled:opacity-50 [&_svg]:pointer-events-none [&_svg]:size-4 [&_svg]:shrink-0 border border-input bg-background hover:bg-accent hover:text-accent-foreground h-9 rounded-md px-3\"\u001b[39m\n            \u001b[36m>\u001b[39m\n              \u001b[36m<svg\u001b[39m\n                \u001b[33mclass\u001b[39m=\u001b[32m\"lucide lucide-chevron-right h-4 w-4\"\u001b[39m\n                \u001b[33mfill\u001b[39m=\u001b[32m\"none\"\u001b[39m\n                \u001b[33mheight\u001b[39m=\u001b[32m\"24\"\u001b[39m\n                \u001b[33mstroke\u001b[39m=\u001b[32m\"currentColor\"\u001b[39m\n                \u001b[33mstroke-linecap\u001b[39m=\u001b[32m\"round\"\u001b[39m\n                \u001b[33mstroke-linejoin\u001b[39m=\u001b[32m\"round\"\u001b[39m\n                \u001b[33mstroke-width\u001b[39m=\u001b[32m\"2\"\u001b[39m\n                \u001b[33mviewBox\u001b[39m=\u001b[32m\"0 0 24 24\"\u001b[39m\n                \u001b[33mwidth\u001b[39m=\u001b[32m\"24\"\u001b[39m\n                \u001b[33mxmlns\u001b[39m=\u001b[32m\"http://www.w3.org/2000/svg\"\u001b[39m\n              \u001b[36m>\u001b[39m\n                \u001b[36m<path\u001b[39m\n                  \u001b[33md\u001b[39m=\u001b[32m\"m9 18 6-6-6-6\"\u001b[39m\n                \u001b[36m/>\u001b[39m\n              \u001b[36m</svg>\u001b[39m\n            \u001b[36m</button>\u001b[39m\n          \u001b[36m</div>\u001b[39m\n        \u001b[36m</div>\u001b[39m\n        \u001b[36m<div\u001b[39m\n          \u001b[33mclass\u001b[39m=\u001b[32m\"flex items-center space-x-2\"\u001b[39m\n        \u001b[36m>\u001b[39m\n          \u001b[36m<div\u001b[39m\n            \u001b[33mclass\u001b[39m=\u001b[32m\"flex border rounded-lg\"\u001b[39m\n          \u001b[36m>\u001b[39m\n            \u001b[36m<button\u001b[39m\n              \u001b[33mclass\u001b[39m=\u001b[32m\"inline-flex items-center justify-center gap-2 whitespace-nowrap text-sm font-medium ring-offset-background transition-colors focus-visible:outline-none focus-visible:ring-2 focus-visible:ring-ring focus-visible:ring-offset-2 disabled:pointer-events-none disabled:opacity-50 [&_svg]:pointer-events-none [&_svg]:size-4 [&_svg]:shrink-0 bg-primary text-primary-foreground hover:bg-primary/90 h-9 rounded-md px-3 rounded-r-none\"\u001b[39m\n            \u001b[36m>\u001b[39m\n              \u001b[0mSemana\u001b[0m\n            \u001b[36m</button>\u001b[39m\n            \u001b[36m<button\u001b[39m\n              \u001b[33mclass\u001b[39m=\u001b[32m\"inline-flex items-center justify-center gap-2 whitespace-nowrap text-sm font-medium ring-offset-background transition-colors focus-visible:outline-none focus-visible:ring-2 focus-visible:ring-ring focus-visible:ring-offset-2 disabled:pointer-events-none disabled:opacity-50 [&_svg]:pointer-events-none [&_svg]:size-4 [&_svg]:shrink-0 hover:bg-accent hover:text-accent-foreground h-9 px-3 rounded-none border-l border-r\"\u001b[39m\n            \u001b[36m>\u001b[39m\n              \u001b[0mMês\u001b[0m\n            \u001b[36m</button>\u001b[39m\n            \u001b[36m<button\u001b[39m\n              \u001b[33mclass\u001b[39m=\u001b[32m\"inline-flex items-center justify-center gap-2 whitespace-nowrap text-sm font-medium ring-offset-background transition-colors focus-visible:outline-none focus-visible:ring-2 focus-visible:ring-ring focus-visible:ring-offset-2 disabled:pointer-events-none disabled:opacity-50 [&_svg]:pointer-events-none [&_svg]:size-4 [&_svg]:shrink-0 hover:bg-accent hover:text-accent-foreground h-9 rounded-md px-3 rounded-l-none\"\u001b[39m\n            \u001b[36m>\u001b[39m\n              \u001b[0mAno\u001b[0m\n            \u001b[36m</button>\u001b[39m\n          \u001b[36m</div>\u001b[39m\n          \u001b[36m<button\u001b[39m\n            \u001b[33mclass\u001b[3..."],"location":{"line":37,"column":19}},{"ancestorTitles":["","Agenda Integration Smoke Tests"],"fullName":" Agenda Integration Smoke Tests should handle sync button click","status":"failed","title":"should handle sync button click","duration":28,"failureMessages":["Unable to find an element with the text: Sincronizar. This could be because the text is broken up by multiple elements. In this case, you can provide a function for your text matcher to make your matcher more flexible.\n\nIgnored nodes: comments, script, style\n\u001b[36m<body>\u001b[39m\n  \u001b[36m<div>\u001b[39m\n    \u001b[36m<div\u001b[39m\n      \u001b[33mclass\u001b[39m=\u001b[32m\"container mx-auto p-6\"\u001b[39m\n    \u001b[36m>\u001b[39m\n      \u001b[36m<div\u001b[39m\n        \u001b[33mclass\u001b[39m=\u001b[32m\"flex items-center justify-between mb-6\"\u001b[39m\n      \u001b[36m>\u001b[39m\n        \u001b[36m<div\u001b[39m\n          \u001b[33mclass\u001b[39m=\u001b[32m\"flex items-center space-x-4\"\u001b[39m\n        \u001b[36m>\u001b[39m\n          \u001b[36m<div\u001b[39m\n            \u001b[33mclass\u001b[39m=\u001b[32m\"flex items-center space-x-2\"\u001b[39m\n          \u001b[36m>\u001b[39m\n            \u001b[36m<svg\u001b[39m\n              \u001b[33mclass\u001b[39m=\u001b[32m\"lucide lucide-calendar h-6 w-6 text-primary\"\u001b[39m\n              \u001b[33mfill\u001b[39m=\u001b[32m\"none\"\u001b[39m\n              \u001b[33mheight\u001b[39m=\u001b[32m\"24\"\u001b[39m\n              \u001b[33mstroke\u001b[39m=\u001b[32m\"currentColor\"\u001b[39m\n              \u001b[33mstroke-linecap\u001b[39m=\u001b[32m\"round\"\u001b[39m\n              \u001b[33mstroke-linejoin\u001b[39m=\u001b[32m\"round\"\u001b[39m\n              \u001b[33mstroke-width\u001b[39m=\u001b[32m\"2\"\u001b[39m\n              \u001b[33mviewBox\u001b[39m=\u001b[32m\"0 0 24 24\"\u001b[39m\n              \u001b[33mwidth\u001b[39m=\u001b[32m\"24\"\u001b[39m\n              \u001b[33mxmlns\u001b[39m=\u001b[32m\"http://www.w3.org/2000/svg\"\u001b[39m\n            \u001b[36m>\u001b[39m\n              \u001b[36m<path\u001b[39m\n                \u001b[33md\u001b[39m=\u001b[32m\"M8 2v4\"\u001b[39m\n              \u001b[36m/>\u001b[39m\n              \u001b[36m<path\u001b[39m\n                \u001b[33md\u001b[39m=\u001b[32m\"M16 2v4\"\u001b[39m\n              \u001b[36m/>\u001b[39m\n              \u001b[36m<rect\u001b[39m\n                \u001b[33mheight\u001b[39m=\u001b[32m\"18\"\u001b[39m\n                \u001b[33mrx\u001b[39m=\u001b[32m\"2\"\u001b[39m\n                \u001b[33mwidth\u001b[39m=\u001b[32m\"18\"\u001b[39m\n                \u001b[33mx\u001b[39m=\u001b[32m\"3\"\u001b[39m\n                \u001b[33my\u001b[39m=\u001b[32m\"4\"\u001b[39m\n              \u001b[36m/>\u001b[39m\n              \u001b[36m<path\u001b[39m\n                \u001b[33md\u001b[39m=\u001b[32m\"M3 10h18\"\u001b[39m\n              \u001b[36m/>\u001b[39m\n            \u001b[36m</svg>\u001b[39m\n            \u001b[36m<h1\u001b[39m\n              \u001b[33mclass\u001b[39m=\u001b[32m\"text-2xl font-bold\"\u001b[39m\n            \u001b[36m>\u001b[39m\n              \u001b[0mAgenda\u001b[0m\n            \u001b[36m</h1>\u001b[39m\n          \u001b[36m</div>\u001b[39m\n          \u001b[36m<div\u001b[39m\n            \u001b[33mclass\u001b[39m=\u001b[32m\"flex items-center space-x-2\"\u001b[39m\n          \u001b[36m>\u001b[39m\n            \u001b[36m<button\u001b[39m\n              \u001b[33mclass\u001b[39m=\u001b[32m\"inline-flex items-center justify-center gap-2 whitespace-nowrap text-sm font-medium ring-offset-background transition-colors focus-visible:outline-none focus-visible:ring-2 focus-visible:ring-ring focus-visible:ring-offset-2 disabled:pointer-events-none disabled:opacity-50 [&_svg]:pointer-events-none [&_svg]:size-4 [&_svg]:shrink-0 border border-input bg-background hover:bg-accent hover:text-accent-foreground h-9 rounded-md px-3\"\u001b[39m\n            \u001b[36m>\u001b[39m\n              \u001b[36m<svg\u001b[39m\n                \u001b[33mclass\u001b[39m=\u001b[32m\"lucide lucide-chevron-left h-4 w-4\"\u001b[39m\n                \u001b[33mfill\u001b[39m=\u001b[32m\"none\"\u001b[39m\n                \u001b[33mheight\u001b[39m=\u001b[32m\"24\"\u001b[39m\n                \u001b[33mstroke\u001b[39m=\u001b[32m\"currentColor\"\u001b[39m\n                \u001b[33mstroke-linecap\u001b[39m=\u001b[32m\"round\"\u001b[39m\n                \u001b[33mstroke-linejoin\u001b[39m=\u001b[32m\"round\"\u001b[39m\n                \u001b[33mstroke-width\u001b[39m=\u001b[32m\"2\"\u001b[39m\n                \u001b[33mviewBox\u001b[39m=\u001b[32m\"0 0 24 24\"\u001b[39m\n                \u001b[33mwidth\u001b[39m=\u001b[32m\"24\"\u001b[39m\n                \u001b[33mxmlns\u001b[39m=\u001b[32m\"http://www.w3.org/2000/svg\"\u001b[39m\n              \u001b[36m>\u001b[39m\n                \u001b[36m<path\u001b[39m\n                  \u001b[33md\u001b[39m=\u001b[32m\"m15 18-6-6 6-6\"\u001b[39m\n                \u001b[36m/>\u001b[39m\n              \u001b[36m</svg>\u001b[39m\n            \u001b[36m</button>\u001b[39m\n            \u001b[36m<span\u001b[39m\n              \u001b[33mclass\u001b[39m=\u001b[32m\"text-lg font-medium min-w-[200px] text-center\"\u001b[39m\n            \u001b[36m>\u001b[39m\n              \u001b[0mSemana de 14 de setembro, 2025\u001b[0m\n            \u001b[36m</span>\u001b[39m\n            \u001b[36m<button\u001b[39m\n              \u001b[33mclass\u001b[39m=\u001b[32m\"inline-flex items-center justify-center gap-2 whitespace-nowrap text-sm font-medium ring-offset-background transition-colors focus-visible:outline-none focus-visible:ring-2 focus-visible:ring-ring focus-visible:ring-offset-2 disabled:pointer-events-none disabled:opacity-50 [&_svg]:pointer-events-none [&_svg]:size-4 [&_svg]:shrink-0 border border-input bg-background hover:bg-accent hover:text-accent-foreground h-9 rounded-md px-3\"\u001b[39m\n            \u001b[36m>\u001b[39m\n              \u001b[36m<svg\u001b[39m\n                \u001b[33mclass\u001b[39m=\u001b[32m\"lucide lucide-chevron-right h-4 w-4\"\u001b[39m\n                \u001b[33mfill\u001b[39m=\u001b[32m\"none\"\u001b[39m\n                \u001b[33mheight\u001b[39m=\u001b[32m\"24\"\u001b[39m\n                \u001b[33mstroke\u001b[39m=\u001b[32m\"currentColor\"\u001b[39m\n                \u001b[33mstroke-linecap\u001b[39m=\u001b[32m\"round\"\u001b[39m\n                \u001b[33mstroke-linejoin\u001b[39m=\u001b[32m\"round\"\u001b[39m\n                \u001b[33mstroke-width\u001b[39m=\u001b[32m\"2\"\u001b[39m\n                \u001b[33mviewBox\u001b[39m=\u001b[32m\"0 0 24 24\"\u001b[39m\n                \u001b[33mwidth\u001b[39m=\u001b[32m\"24\"\u001b[39m\n                \u001b[33mxmlns\u001b[39m=\u001b[32m\"http://www.w3.org/2000/svg\"\u001b[39m\n              \u001b[36m>\u001b[39m\n                \u001b[36m<path\u001b[39m\n                  \u001b[33md\u001b[39m=\u001b[32m\"m9 18 6-6-6-6\"\u001b[39m\n                \u001b[36m/>\u001b[39m\n              \u001b[36m</svg>\u001b[39m\n            \u001b[36m</button>\u001b[39m\n          \u001b[36m</div>\u001b[39m\n        \u001b[36m</div>\u001b[39m\n        \u001b[36m<div\u001b[39m\n          \u001b[33mclass\u001b[39m=\u001b[32m\"flex items-center space-x-2\"\u001b[39m\n        \u001b[36m>\u001b[39m\n          \u001b[36m<div\u001b[39m\n            \u001b[33mclass\u001b[39m=\u001b[32m\"flex border rounded-lg\"\u001b[39m\n          \u001b[36m>\u001b[39m\n            \u001b[36m<button\u001b[39m\n              \u001b[33mclass\u001b[39m=\u001b[32m\"inline-flex items-center justify-center gap-2 whitespace-nowrap text-sm font-medium ring-offset-background transition-colors focus-visible:outline-none focus-visible:ring-2 focus-visible:ring-ring focus-visible:ring-offset-2 disabled:pointer-events-none disabled:opacity-50 [&_svg]:pointer-events-none [&_svg]:size-4 [&_svg]:shrink-0 bg-primary text-primary-foreground hover:bg-primary/90 h-9 rounded-md px-3 rounded-r-none\"\u001b[39m\n            \u001b[36m>\u001b[39m\n              \u001b[0mSemana\u001b[0m\n            \u001b[36m</button>\u001b[39m\n            \u001b[36m<button\u001b[39m\n              \u001b[33mclass\u001b[39m=\u001b[32m\"inline-flex items-center justify-center gap-2 whitespace-nowrap text-sm font-medium ring-offset-background transition-colors focus-visible:outline-none focus-visible:ring-2 focus-visible:ring-ring focus-visible:ring-offset-2 disabled:pointer-events-none disabled:opacity-50 [&_svg]:pointer-events-none [&_svg]:size-4 [&_svg]:shrink-0 hover:bg-accent hover:text-accent-foreground h-9 px-3 rounded-none border-l border-r\"\u001b[39m\n            \u001b[36m>\u001b[39m\n              \u001b[0mMês\u001b[0m\n            \u001b[36m</button>\u001b[39m\n            \u001b[36m<button\u001b[39m\n              \u001b[33mclass\u001b[39m=\u001b[32m\"inline-flex items-center justify-center gap-2 whitespace-nowrap text-sm font-medium ring-offset-background transition-colors focus-visible:outline-none focus-visible:ring-2 focus-visible:ring-ring focus-visible:ring-offset-2 disabled:pointer-events-none disabled:opacity-50 [&_svg]:pointer-events-none [&_svg]:size-4 [&_svg]:shrink-0 hover:bg-accent hover:text-accent-foreground h-9 rounded-md px-3 rounded-l-none\"\u001b[39m\n            \u001b[36m>\u001b[39m\n              \u001b[0mAno\u001b[0m\n            \u001b[36m</button>\u001b[39m\n          \u001b[36m</div>\u001b[39m\n          \u001b[36m<button\u001b[39m\n            \u001b[33mclass\u001b[3..."],"location":{"line":37,"column":19}},{"ancestorTitles":["","Agenda Integration Smoke Tests"],"fullName":" Agenda Integration Smoke Tests should handle disconnect button click","status":"failed","title":"should handle disconnect button click","duration":26,"failureMessages":["Unable to find an element with the text: Desconectar. This could be because the text is broken up by multiple elements. In this case, you can provide a function for your text matcher to make your matcher more flexible.\n\nIgnored nodes: comments, script, style\n\u001b[36m<body>\u001b[39m\n  \u001b[36m<div>\u001b[39m\n    \u001b[36m<div\u001b[39m\n      \u001b[33mclass\u001b[39m=\u001b[32m\"container mx-auto p-6\"\u001b[39m\n    \u001b[36m>\u001b[39m\n      \u001b[36m<div\u001b[39m\n        \u001b[33mclass\u001b[39m=\u001b[32m\"flex items-center justify-between mb-6\"\u001b[39m\n      \u001b[36m>\u001b[39m\n        \u001b[36m<div\u001b[39m\n          \u001b[33mclass\u001b[39m=\u001b[32m\"flex items-center space-x-4\"\u001b[39m\n        \u001b[36m>\u001b[39m\n          \u001b[36m<div\u001b[39m\n            \u001b[33mclass\u001b[39m=\u001b[32m\"flex items-center space-x-2\"\u001b[39m\n          \u001b[36m>\u001b[39m\n            \u001b[36m<svg\u001b[39m\n              \u001b[33mclass\u001b[39m=\u001b[32m\"lucide lucide-calendar h-6 w-6 text-primary\"\u001b[39m\n              \u001b[33mfill\u001b[39m=\u001b[32m\"none\"\u001b[39m\n              \u001b[33mheight\u001b[39m=\u001b[32m\"24\"\u001b[39m\n              \u001b[33mstroke\u001b[39m=\u001b[32m\"currentColor\"\u001b[39m\n              \u001b[33mstroke-linecap\u001b[39m=\u001b[32m\"round\"\u001b[39m\n              \u001b[33mstroke-linejoin\u001b[39m=\u001b[32m\"round\"\u001b[39m\n              \u001b[33mstroke-width\u001b[39m=\u001b[32m\"2\"\u001b[39m\n              \u001b[33mviewBox\u001b[39m=\u001b[32m\"0 0 24 24\"\u001b[39m\n              \u001b[33mwidth\u001b[39m=\u001b[32m\"24\"\u001b[39m\n              \u001b[33mxmlns\u001b[39m=\u001b[32m\"http://www.w3.org/2000/svg\"\u001b[39m\n            \u001b[36m>\u001b[39m\n              \u001b[36m<path\u001b[39m\n                \u001b[33md\u001b[39m=\u001b[32m\"M8 2v4\"\u001b[39m\n              \u001b[36m/>\u001b[39m\n              \u001b[36m<path\u001b[39m\n                \u001b[33md\u001b[39m=\u001b[32m\"M16 2v4\"\u001b[39m\n              \u001b[36m/>\u001b[39m\n              \u001b[36m<rect\u001b[39m\n                \u001b[33mheight\u001b[39m=\u001b[32m\"18\"\u001b[39m\n                \u001b[33mrx\u001b[39m=\u001b[32m\"2\"\u001b[39m\n                \u001b[33mwidth\u001b[39m=\u001b[32m\"18\"\u001b[39m\n                \u001b[33mx\u001b[39m=\u001b[32m\"3\"\u001b[39m\n                \u001b[33my\u001b[39m=\u001b[32m\"4\"\u001b[39m\n              \u001b[36m/>\u001b[39m\n              \u001b[36m<path\u001b[39m\n                \u001b[33md\u001b[39m=\u001b[32m\"M3 10h18\"\u001b[39m\n              \u001b[36m/>\u001b[39m\n            \u001b[36m</svg>\u001b[39m\n            \u001b[36m<h1\u001b[39m\n              \u001b[33mclass\u001b[39m=\u001b[32m\"text-2xl font-bold\"\u001b[39m\n            \u001b[36m>\u001b[39m\n              \u001b[0mAgenda\u001b[0m\n            \u001b[36m</h1>\u001b[39m\n          \u001b[36m</div>\u001b[39m\n          \u001b[36m<div\u001b[39m\n            \u001b[33mclass\u001b[39m=\u001b[32m\"flex items-center space-x-2\"\u001b[39m\n          \u001b[36m>\u001b[39m\n            \u001b[36m<button\u001b[39m\n              \u001b[33mclass\u001b[39m=\u001b[32m\"inline-flex items-center justify-center gap-2 whitespace-nowrap text-sm font-medium ring-offset-background transition-colors focus-visible:outline-none focus-visible:ring-2 focus-visible:ring-ring focus-visible:ring-offset-2 disabled:pointer-events-none disabled:opacity-50 [&_svg]:pointer-events-none [&_svg]:size-4 [&_svg]:shrink-0 border border-input bg-background hover:bg-accent hover:text-accent-foreground h-9 rounded-md px-3\"\u001b[39m\n            \u001b[36m>\u001b[39m\n              \u001b[36m<svg\u001b[39m\n                \u001b[33mclass\u001b[39m=\u001b[32m\"lucide lucide-chevron-left h-4 w-4\"\u001b[39m\n                \u001b[33mfill\u001b[39m=\u001b[32m\"none\"\u001b[39m\n                \u001b[33mheight\u001b[39m=\u001b[32m\"24\"\u001b[39m\n                \u001b[33mstroke\u001b[39m=\u001b[32m\"currentColor\"\u001b[39m\n                \u001b[33mstroke-linecap\u001b[39m=\u001b[32m\"round\"\u001b[39m\n                \u001b[33mstroke-linejoin\u001b[39m=\u001b[32m\"round\"\u001b[39m\n                \u001b[33mstroke-width\u001b[39m=\u001b[32m\"2\"\u001b[39m\n                \u001b[33mviewBox\u001b[39m=\u001b[32m\"0 0 24 24\"\u001b[39m\n                \u001b[33mwidth\u001b[39m=\u001b[32m\"24\"\u001b[39m\n                \u001b[33mxmlns\u001b[39m=\u001b[32m\"http://www.w3.org/2000/svg\"\u001b[39m\n              \u001b[36m>\u001b[39m\n                \u001b[36m<path\u001b[39m\n                  \u001b[33md\u001b[39m=\u001b[32m\"m15 18-6-6 6-6\"\u001b[39m\n                \u001b[36m/>\u001b[39m\n              \u001b[36m</svg>\u001b[39m\n            \u001b[36m</button>\u001b[39m\n            \u001b[36m<span\u001b[39m\n              \u001b[33mclass\u001b[39m=\u001b[32m\"text-lg font-medium min-w-[200px] text-center\"\u001b[39m\n            \u001b[36m>\u001b[39m\n              \u001b[0mSemana de 14 de setembro, 2025\u001b[0m\n            \u001b[36m</span>\u001b[39m\n            \u001b[36m<button\u001b[39m\n              \u001b[33mclass\u001b[39m=\u001b[32m\"inline-flex items-center justify-center gap-2 whitespace-nowrap text-sm font-medium ring-offset-background transition-colors focus-visible:outline-none focus-visible:ring-2 focus-visible:ring-ring focus-visible:ring-offset-2 disabled:pointer-events-none disabled:opacity-50 [&_svg]:pointer-events-none [&_svg]:size-4 [&_svg]:shrink-0 border border-input bg-background hover:bg-accent hover:text-accent-foreground h-9 rounded-md px-3\"\u001b[39m\n            \u001b[36m>\u001b[39m\n              \u001b[36m<svg\u001b[39m\n                \u001b[33mclass\u001b[39m=\u001b[32m\"lucide lucide-chevron-right h-4 w-4\"\u001b[39m\n                \u001b[33mfill\u001b[39m=\u001b[32m\"none\"\u001b[39m\n                \u001b[33mheight\u001b[39m=\u001b[32m\"24\"\u001b[39m\n                \u001b[33mstroke\u001b[39m=\u001b[32m\"currentColor\"\u001b[39m\n                \u001b[33mstroke-linecap\u001b[39m=\u001b[32m\"round\"\u001b[39m\n                \u001b[33mstroke-linejoin\u001b[39m=\u001b[32m\"round\"\u001b[39m\n                \u001b[33mstroke-width\u001b[39m=\u001b[32m\"2\"\u001b[39m\n                \u001b[33mviewBox\u001b[39m=\u001b[32m\"0 0 24 24\"\u001b[39m\n                \u001b[33mwidth\u001b[39m=\u001b[32m\"24\"\u001b[39m\n                \u001b[33mxmlns\u001b[39m=\u001b[32m\"http://www.w3.org/2000/svg\"\u001b[39m\n              \u001b[36m>\u001b[39m\n                \u001b[36m<path\u001b[39m\n                  \u001b[33md\u001b[39m=\u001b[32m\"m9 18 6-6-6-6\"\u001b[39m\n                \u001b[36m/>\u001b[39m\n              \u001b[36m</svg>\u001b[39m\n            \u001b[36m</button>\u001b[39m\n          \u001b[36m</div>\u001b[39m\n        \u001b[36m</div>\u001b[39m\n        \u001b[36m<div\u001b[39m\n          \u001b[33mclass\u001b[39m=\u001b[32m\"flex items-center space-x-2\"\u001b[39m\n        \u001b[36m>\u001b[39m\n          \u001b[36m<div\u001b[39m\n            \u001b[33mclass\u001b[39m=\u001b[32m\"flex border rounded-lg\"\u001b[39m\n          \u001b[36m>\u001b[39m\n            \u001b[36m<button\u001b[39m\n              \u001b[33mclass\u001b[39m=\u001b[32m\"inline-flex items-center justify-center gap-2 whitespace-nowrap text-sm font-medium ring-offset-background transition-colors focus-visible:outline-none focus-visible:ring-2 focus-visible:ring-ring focus-visible:ring-offset-2 disabled:pointer-events-none disabled:opacity-50 [&_svg]:pointer-events-none [&_svg]:size-4 [&_svg]:shrink-0 bg-primary text-primary-foreground hover:bg-primary/90 h-9 rounded-md px-3 rounded-r-none\"\u001b[39m\n            \u001b[36m>\u001b[39m\n              \u001b[0mSemana\u001b[0m\n            \u001b[36m</button>\u001b[39m\n            \u001b[36m<button\u001b[39m\n              \u001b[33mclass\u001b[39m=\u001b[32m\"inline-flex items-center justify-center gap-2 whitespace-nowrap text-sm font-medium ring-offset-background transition-colors focus-visible:outline-none focus-visible:ring-2 focus-visible:ring-ring focus-visible:ring-offset-2 disabled:pointer-events-none disabled:opacity-50 [&_svg]:pointer-events-none [&_svg]:size-4 [&_svg]:shrink-0 hover:bg-accent hover:text-accent-foreground h-9 px-3 rounded-none border-l border-r\"\u001b[39m\n            \u001b[36m>\u001b[39m\n              \u001b[0mMês\u001b[0m\n            \u001b[36m</button>\u001b[39m\n            \u001b[36m<button\u001b[39m\n              \u001b[33mclass\u001b[39m=\u001b[32m\"inline-flex items-center justify-center gap-2 whitespace-nowrap text-sm font-medium ring-offset-background transition-colors focus-visible:outline-none focus-visible:ring-2 focus-visible:ring-ring focus-visible:ring-offset-2 disabled:pointer-events-none disabled:opacity-50 [&_svg]:pointer-events-none [&_svg]:size-4 [&_svg]:shrink-0 hover:bg-accent hover:text-accent-foreground h-9 rounded-md px-3 rounded-l-none\"\u001b[39m\n            \u001b[36m>\u001b[39m\n              \u001b[0mAno\u001b[0m\n            \u001b[36m</button>\u001b[39m\n          \u001b[36m</div>\u001b[39m\n          \u001b[36m<button\u001b[39m\n            \u001b[33mclass\u001b[3..."],"location":{"line":37,"column":19}},{"ancestorTitles":["","Agenda Integration Smoke Tests"],"fullName":" Agenda Integration Smoke Tests should show expired status alert","status":"failed","title":"should show expired status alert","duration":27,"failureMessages":["Unable to find an element with the text: Token Expirado. This could be because the text is broken up by multiple elements. In this case, you can provide a function for your text matcher to make your matcher more flexible.\n\nIgnored nodes: comments, script, style\n\u001b[36m<body>\u001b[39m\n  \u001b[36m<div>\u001b[39m\n    \u001b[36m<div\u001b[39m\n      \u001b[33mclass\u001b[39m=\u001b[32m\"container mx-auto p-6\"\u001b[39m\n    \u001b[36m>\u001b[39m\n      \u001b[36m<div\u001b[39m\n        \u001b[33mclass\u001b[39m=\u001b[32m\"flex items-center justify-between mb-6\"\u001b[39m\n      \u001b[36m>\u001b[39m\n        \u001b[36m<div\u001b[39m\n          \u001b[33mclass\u001b[39m=\u001b[32m\"flex items-center space-x-4\"\u001b[39m\n        \u001b[36m>\u001b[39m\n          \u001b[36m<div\u001b[39m\n            \u001b[33mclass\u001b[39m=\u001b[32m\"flex items-center space-x-2\"\u001b[39m\n          \u001b[36m>\u001b[39m\n            \u001b[36m<svg\u001b[39m\n              \u001b[33mclass\u001b[39m=\u001b[32m\"lucide lucide-calendar h-6 w-6 text-primary\"\u001b[39m\n              \u001b[33mfill\u001b[39m=\u001b[32m\"none\"\u001b[39m\n              \u001b[33mheight\u001b[39m=\u001b[32m\"24\"\u001b[39m\n              \u001b[33mstroke\u001b[39m=\u001b[32m\"currentColor\"\u001b[39m\n              \u001b[33mstroke-linecap\u001b[39m=\u001b[32m\"round\"\u001b[39m\n              \u001b[33mstroke-linejoin\u001b[39m=\u001b[32m\"round\"\u001b[39m\n              \u001b[33mstroke-width\u001b[39m=\u001b[32m\"2\"\u001b[39m\n              \u001b[33mviewBox\u001b[39m=\u001b[32m\"0 0 24 24\"\u001b[39m\n              \u001b[33mwidth\u001b[39m=\u001b[32m\"24\"\u001b[39m\n              \u001b[33mxmlns\u001b[39m=\u001b[32m\"http://www.w3.org/2000/svg\"\u001b[39m\n            \u001b[36m>\u001b[39m\n              \u001b[36m<path\u001b[39m\n                \u001b[33md\u001b[39m=\u001b[32m\"M8 2v4\"\u001b[39m\n              \u001b[36m/>\u001b[39m\n              \u001b[36m<path\u001b[39m\n                \u001b[33md\u001b[39m=\u001b[32m\"M16 2v4\"\u001b[39m\n              \u001b[36m/>\u001b[39m\n              \u001b[36m<rect\u001b[39m\n                \u001b[33mheight\u001b[39m=\u001b[32m\"18\"\u001b[39m\n                \u001b[33mrx\u001b[39m=\u001b[32m\"2\"\u001b[39m\n                \u001b[33mwidth\u001b[39m=\u001b[32m\"18\"\u001b[39m\n                \u001b[33mx\u001b[39m=\u001b[32m\"3\"\u001b[39m\n                \u001b[33my\u001b[39m=\u001b[32m\"4\"\u001b[39m\n              \u001b[36m/>\u001b[39m\n              \u001b[36m<path\u001b[39m\n                \u001b[33md\u001b[39m=\u001b[32m\"M3 10h18\"\u001b[39m\n              \u001b[36m/>\u001b[39m\n            \u001b[36m</svg>\u001b[39m\n            \u001b[36m<h1\u001b[39m\n              \u001b[33mclass\u001b[39m=\u001b[32m\"text-2xl font-bold\"\u001b[39m\n            \u001b[36m>\u001b[39m\n              \u001b[0mAgenda\u001b[0m\n            \u001b[36m</h1>\u001b[39m\n          \u001b[36m</div>\u001b[39m\n          \u001b[36m<div\u001b[39m\n            \u001b[33mclass\u001b[39m=\u001b[32m\"flex items-center space-x-2\"\u001b[39m\n          \u001b[36m>\u001b[39m\n            \u001b[36m<button\u001b[39m\n              \u001b[33mclass\u001b[39m=\u001b[32m\"inline-flex items-center justify-center gap-2 whitespace-nowrap text-sm font-medium ring-offset-background transition-colors focus-visible:outline-none focus-visible:ring-2 focus-visible:ring-ring focus-visible:ring-offset-2 disabled:pointer-events-none disabled:opacity-50 [&_svg]:pointer-events-none [&_svg]:size-4 [&_svg]:shrink-0 border border-input bg-background hover:bg-accent hover:text-accent-foreground h-9 rounded-md px-3\"\u001b[39m\n            \u001b[36m>\u001b[39m\n              \u001b[36m<svg\u001b[39m\n                \u001b[33mclass\u001b[39m=\u001b[32m\"lucide lucide-chevron-left h-4 w-4\"\u001b[39m\n                \u001b[33mfill\u001b[39m=\u001b[32m\"none\"\u001b[39m\n                \u001b[33mheight\u001b[39m=\u001b[32m\"24\"\u001b[39m\n                \u001b[33mstroke\u001b[39m=\u001b[32m\"currentColor\"\u001b[39m\n                \u001b[33mstroke-linecap\u001b[39m=\u001b[32m\"round\"\u001b[39m\n                \u001b[33mstroke-linejoin\u001b[39m=\u001b[32m\"round\"\u001b[39m\n                \u001b[33mstroke-width\u001b[39m=\u001b[32m\"2\"\u001b[39m\n                \u001b[33mviewBox\u001b[39m=\u001b[32m\"0 0 24 24\"\u001b[39m\n                \u001b[33mwidth\u001b[39m=\u001b[32m\"24\"\u001b[39m\n                \u001b[33mxmlns\u001b[39m=\u001b[32m\"http://www.w3.org/2000/svg\"\u001b[39m\n              \u001b[36m>\u001b[39m\n                \u001b[36m<path\u001b[39m\n                  \u001b[33md\u001b[39m=\u001b[32m\"m15 18-6-6 6-6\"\u001b[39m\n                \u001b[36m/>\u001b[39m\n              \u001b[36m</svg>\u001b[39m\n            \u001b[36m</button>\u001b[39m\n            \u001b[36m<span\u001b[39m\n              \u001b[33mclass\u001b[39m=\u001b[32m\"text-lg font-medium min-w-[200px] text-center\"\u001b[39m\n            \u001b[36m>\u001b[39m\n              \u001b[0mSemana de 14 de setembro, 2025\u001b[0m\n            \u001b[36m</span>\u001b[39m\n            \u001b[36m<button\u001b[39m\n              \u001b[33mclass\u001b[39m=\u001b[32m\"inline-flex items-center justify-center gap-2 whitespace-nowrap text-sm font-medium ring-offset-background transition-colors focus-visible:outline-none focus-visible:ring-2 focus-visible:ring-ring focus-visible:ring-offset-2 disabled:pointer-events-none disabled:opacity-50 [&_svg]:pointer-events-none [&_svg]:size-4 [&_svg]:shrink-0 border border-input bg-background hover:bg-accent hover:text-accent-foreground h-9 rounded-md px-3\"\u001b[39m\n            \u001b[36m>\u001b[39m\n              \u001b[36m<svg\u001b[39m\n                \u001b[33mclass\u001b[39m=\u001b[32m\"lucide lucide-chevron-right h-4 w-4\"\u001b[39m\n                \u001b[33mfill\u001b[39m=\u001b[32m\"none\"\u001b[39m\n                \u001b[33mheight\u001b[39m=\u001b[32m\"24\"\u001b[39m\n                \u001b[33mstroke\u001b[39m=\u001b[32m\"currentColor\"\u001b[39m\n                \u001b[33mstroke-linecap\u001b[39m=\u001b[32m\"round\"\u001b[39m\n                \u001b[33mstroke-linejoin\u001b[39m=\u001b[32m\"round\"\u001b[39m\n                \u001b[33mstroke-width\u001b[39m=\u001b[32m\"2\"\u001b[39m\n                \u001b[33mviewBox\u001b[39m=\u001b[32m\"0 0 24 24\"\u001b[39m\n                \u001b[33mwidth\u001b[39m=\u001b[32m\"24\"\u001b[39m\n                \u001b[33mxmlns\u001b[39m=\u001b[32m\"http://www.w3.org/2000/svg\"\u001b[39m\n              \u001b[36m>\u001b[39m\n                \u001b[36m<path\u001b[39m\n                  \u001b[33md\u001b[39m=\u001b[32m\"m9 18 6-6-6-6\"\u001b[39m\n                \u001b[36m/>\u001b[39m\n              \u001b[36m</svg>\u001b[39m\n            \u001b[36m</button>\u001b[39m\n          \u001b[36m</div>\u001b[39m\n        \u001b[36m</div>\u001b[39m\n        \u001b[36m<div\u001b[39m\n          \u001b[33mclass\u001b[39m=\u001b[32m\"flex items-center space-x-2\"\u001b[39m\n        \u001b[36m>\u001b[39m\n          \u001b[36m<div\u001b[39m\n            \u001b[33mclass\u001b[39m=\u001b[32m\"flex border rounded-lg\"\u001b[39m\n          \u001b[36m>\u001b[39m\n            \u001b[36m<button\u001b[39m\n              \u001b[33mclass\u001b[39m=\u001b[32m\"inline-flex items-center justify-center gap-2 whitespace-nowrap text-sm font-medium ring-offset-background transition-colors focus-visible:outline-none focus-visible:ring-2 focus-visible:ring-ring focus-visible:ring-offset-2 disabled:pointer-events-none disabled:opacity-50 [&_svg]:pointer-events-none [&_svg]:size-4 [&_svg]:shrink-0 bg-primary text-primary-foreground hover:bg-primary/90 h-9 rounded-md px-3 rounded-r-none\"\u001b[39m\n            \u001b[36m>\u001b[39m\n              \u001b[0mSemana\u001b[0m\n            \u001b[36m</button>\u001b[39m\n            \u001b[36m<button\u001b[39m\n              \u001b[33mclass\u001b[39m=\u001b[32m\"inline-flex items-center justify-center gap-2 whitespace-nowrap text-sm font-medium ring-offset-background transition-colors focus-visible:outline-none focus-visible:ring-2 focus-visible:ring-
[...]
rTitles":["","Auth Service - Unit Tests","JWT Token Generation"],"fullName":" Auth Service - Unit Tests JWT Token Generation should generate access token correctly","status":"passed","title":"should generate access token correctly","duration":2,"failureMessages":[]},{"ancestorTitles":["","Auth Service - Unit Tests","JWT Token Generation"],"fullName":" Auth Service - Unit Tests JWT Token Generation should generate refresh token correctly","status":"passed","title":"should generate refresh token correctly","duration":1,"failureMessages":[]},{"ancestorTitles":["","Auth Service - Unit Tests","JWT Token Generation"],"fullName":" Auth Service - Unit Tests JWT Token Generation should verify token correctly","status":"passed","title":"should verify token correctly","duration":0,"failureMessages":[]},{"ancestorTitles":["","Auth Service - Unit Tests","Input Validation"],"fullName":" Auth Service - Unit Tests Input Validation should validate email format","status":"passed","title":"should validate email format","duration":1,"failureMessages":[]},{"ancestorTitles":["","Auth Service - Unit Tests","Input Validation"],"fullName":" Auth Service - Unit Tests Input Validation should validate password strength","status":"passed","title":"should validate password strength","duration":0,"failureMessages":[]},{"ancestorTitles":["","Auth Service - Unit Tests","Error Handling"],"fullName":" Auth Service - Unit Tests Error Handling should handle validation errors","status":"passed","title":"should handle validation errors","duration":0,"failureMessages":[]},{"ancestorTitles":["","Auth Service - Unit Tests","Error Handling"],"fullName":" Auth Service - Unit Tests Error Handling should handle JWT verification errors","status":"passed","title":"should handle JWT verification errors","duration":1,"failureMessages":[]},{"ancestorTitles":["","Auth Service - Unit Tests","Role Validation"],"fullName":" Auth Service - Unit Tests Role Validation should validate admin role","status":"passed","title":"should validate admin role","duration":1,"failureMessages":[]},{"ancestorTitles":["","Auth Service - Unit Tests","Role Validation"],"fullName":" Auth Service - Unit Tests Role Validation should validate clinic admin role","status":"passed","title":"should validate clinic admin role","duration":1,"failureMessages":[]},{"ancestorTitles":["","Auth Service - Unit Tests","Security Features"],"fullName":" Auth Service - Unit Tests Security Features should use secure JWT secret","status":"passed","title":"should use secure JWT secret","duration":0,"failureMessages":[]},{"ancestorTitles":["","Auth Service - Unit Tests","Security Features"],"fullName":" Auth Service - Unit Tests Security Features should use appropriate bcrypt rounds","status":"passed","title":"should use appropriate bcrypt rounds","duration":0,"failureMessages":[]},{"ancestorTitles":["","Auth Service - Unit Tests","Security Features"],"fullName":" Auth Service - Unit Tests Security Features should set appropriate token expiry","status":"passed","title":"should set appropriate token expiry","duration":1,"failureMessages":[]}],"startTime":1757868196075,"endTime":1757868196086,"status":"passed","message":"","name":"/Users/lucascantoni/Desktop/AtendeAí 2.0/backend/services/auth-service/tests/unit/auth.test.js"},{"assertionResults":[{"ancestorTitles":["","MetaAPICircuitBreaker - Simplified Tests","constructor"],"fullName":" MetaAPICircuitBreaker - Simplified Tests constructor should initialize with default values","status":"passed","title":"should initialize with default values","duration":2,"failureMessages":[]},{"ancestorTitles":["","MetaAPICircuitBreaker - Simplified Tests","constructor"],"fullName":" MetaAPICircuitBreaker - Simplified Tests constructor should initialize with custom values","status":"passed","title":"should initialize with custom values","duration":1,"failureMessages":[]},{"ancestorTitles":["","MetaAPICircuitBreaker - Simplified Tests","execute"],"fullName":" MetaAPICircuitBreaker - Simplified Tests execute should execute operation when circuit is CLOSED","status":"passed","title":"should execute operation when circuit is CLOSED","duration":1,"failureMessages":[]},{"ancestorTitles":["","MetaAPICircuitBreaker - Simplified Tests","execute"],"fullName":" MetaAPICircuitBreaker - Simplified Tests execute should execute operation when circuit is HALF_OPEN","status":"passed","title":"should execute operation when circuit is HALF_OPEN","duration":1,"failureMessages":[]},{"ancestorTitles":["","MetaAPICircuitBreaker - Simplified Tests","execute"],"fullName":" MetaAPICircuitBreaker - Simplified Tests execute should reject operation when circuit is OPEN","status":"passed","title":"should reject operation when circuit is OPEN","duration":0,"failureMessages":[]},{"ancestorTitles":["","MetaAPICircuitBreaker - Simplified Tests","onSuccess"],"fullName":" MetaAPICircuitBreaker - Simplified Tests onSuccess should reset failure count and close circuit","status":"passed","title":"should reset failure count and close circuit","duration":0,"failureMessages":[]},{"ancestorTitles":["","MetaAPICircuitBreaker - Simplified Tests","onFailure"],"fullName":" MetaAPICircuitBreaker - Simplified Tests onFailure should increment failure count","status":"passed","title":"should increment failure count","duration":0,"failureMessages":[]},{"ancestorTitles":["","MetaAPICircuitBreaker - Simplified Tests","onFailure"],"fullName":" MetaAPICircuitBreaker - Simplified Tests onFailure should open circuit when failure threshold is reached","status":"passed","title":"should open circuit when failure threshold is reached","duration":0,"failureMessages":[]},{"ancestorTitles":["","MetaAPICircuitBreaker - Simplified Tests","onFailure"],"fullName":" MetaAPICircuitBreaker - Simplified Tests onFailure should record last failure time","status":"passed","title":"should record last failure time","duration":1,"failureMessages":[]},{"ancestorTitles":["","MetaAPICircuitBreaker - Simplified Tests","shouldAttemptReset"],"fullName":" MetaAPICircuitBreaker - Simplified Tests shouldAttemptReset should return false immediately after failure","status":"passed","title":"should return false immediately after failure","duration":0,"failureMessages":[]},{"ancestorTitles":["","MetaAPICircuitBreaker - Simplified Tests","shouldAttemptReset"],"fullName":" MetaAPICircuitBreaker - Simplified Tests shouldAttemptReset should return true after recovery timeout","status":"passed","title":"should return true after recovery timeout","duration":0,"failureMessages":[]},{"ancestorTitles":["","MetaAPICircuitBreaker - Simplified Tests","getState"],"fullName":" MetaAPICircuitBreaker - Simplified Tests getState should return current state","status":"passed","title":"should return current state","duration":0,"failureMessages":[]},{"ancestorTitles":["","MetaAPICircuitBreaker - Simplified Tests","getFailureCount"],"fullName":" MetaAPICircuitBreaker - Simplified Tests getFailureCount should return current failure count","status":"passed","title":"should return current failure count","duration":1,"failureMessages":[]}],"startTime":1757868197058,"endTime":1757868197066,"status":"passed","message":"","name":"/Users/lucascantoni/Desktop/AtendeAí 2.0/backend/services/whatsapp-service/tests/unit/circuitBreaker.simple.test.js"},{"assertionResults":[{"ancestorTitles":["","MetaAPICircuitBreaker","constructor"],"fullName":" MetaAPICircuitBreaker constructor should initialize with default values","status":"passed","title":"should initialize with default values","duration":2,"failureMessages":[]},{"ancestorTitles":["","MetaAPICircuitBreaker","constructor"],"fullName":" MetaAPICircuitBreaker constructor should initialize with custom values","status":"passed","title":"should initialize with custom values","duration":0,"failureMessages":[]},{"ancestorTitles":["","MetaAPICircuitBreaker","execute"],"fullName":" MetaAPICircuitBreaker execute should execute operation when circuit is CLOSED","status":"passed","title":"should execute operation when circuit is CLOSED","duration":1,"failureMessages":[]},{"ancestorTitles":["","MetaAPICircuitBreaker","execute"],"fullName":" MetaAPICircuitBreaker execute should execute operation when circuit is HALF_OPEN","status":"failed","title":"should execute operation when circuit is HALF_OPEN","duration":7,"failureMessages":["expected false to be true // Object.is equality"],"location":{"line":59,"column":57}},{"ancestorTitles":["","MetaAPICircuitBreaker","execute"],"fullName":" MetaAPICircuitBreaker execute should reject operation when circuit is OPEN","status":"passed","title":"should reject operation when circuit is OPEN","duration":1,"failureMessages":[]},{"ancestorTitles":["","MetaAPICircuitBreaker","onSuccess"],"fullName":" MetaAPICircuitBreaker onSuccess should reset failure count and close circuit","status":"passed","title":"should reset failure count and close circuit","duration":0,"failureMessages":[]},{"ancestorTitles":["","MetaAPICircuitBreaker","onFailure"],"fullName":" MetaAPICircuitBreaker onFailure should increment failure count","status":"passed","title":"should increment failure count","duration":37,"failureMessages":[]},{"ancestorTitles":["","MetaAPICircuitBreaker","onFailure"],"fullName":" MetaAPICircuitBreaker onFailure should open circuit when failure threshold is reached","status":"passed","title":"should open circuit when failure threshold is reached","duration":2,"failureMessages":[]},{"ancestorTitles":["","MetaAPICircuitBreaker","onFailure"],"fullName":" MetaAPICircuitBreaker onFailure should record last failure time","status":"passed","title":"should record last failure time","duration":0,"failureMessages":[]},{"ancestorTitles":["","MetaAPICircuitBreaker","shouldAttemptReset"],"fullName":" MetaAPICircuitBreaker shouldAttemptReset should return false immediately after failure","status":"passed","title":"should return false immediately after failure","duration":0,"failureMessages":[]},{"ancestorTitles":["","MetaAPICircuitBreaker","shouldAttemptReset"],"fullName":" MetaAPICircuitBreaker shouldAttemptReset should return true after recovery timeout","status":"passed","title":"should return true after recovery timeout","duration":0,"failureMessages":[]},{"ancestorTitles":["","MetaAPICircuitBreaker","getState"],"fullName":" MetaAPICircuitBreaker getState should return current state","status":"passed","title":"should return current state","duration":1,"failureMessages":[]},{"ancestorTitles":["","MetaAPICircuitBreaker","getFailureCount"],"fullName":" MetaAPICircuitBreaker getFailureCount should return current failure count","status":"passed","title":"should return current failure count","duration":0,"failureMessages":[]}],"startTime":1757868197156,"endTime":1757868197208,"status":"failed","message":"","name":"/Users/lucascantoni/Desktop/AtendeAí 2.0/backend/services/whatsapp-service/tests/unit/circuitBreaker.test.js"},{"assertionResults":[{"ancestorTitles":["","WebhookValidator","validateVerification"],"fullName":" WebhookValidator validateVerification should validate correct verification token","status":"passed","title":"should validate correct verification token","duration":1,"failureMessages":[]},{"ancestorTitles":["","WebhookValidator","validateVerification"],"fullName":" WebhookValidator validateVerification should throw error for invalid verification token","status":"passed","title":"should throw error for invalid verification token","duration":1,"failureMessages":[]},{"ancestorTitles":["","WebhookValidator","validateVerification"],"fullName":" WebhookValidator validateVerification should throw error for non-subscribe mode","status":"passed","title":"should throw error for non-subscribe mode","duration":0,"failureMessages":[]},{"ancestorTitles":["","WebhookValidator","validateSignature"],"fullName":" WebhookValidator validateSignature should validate correct signature","status":"passed","title":"should validate correct signature","duration":0,"failureMessages":[]},{"ancestorTitles":["","WebhookValidator","validateSignature"],"fullName":" WebhookValidator validateSignature should throw error for invalid signature","status":"passed","title":"should throw error for invalid signature","duration":1,"failureMessages":[]},{"ancestorTitles":["","WebhookValidator","validateSignature"],"fullName":" WebhookValidator validateSignature should handle empty payload","status":"passed","title":"should handle empty payload","duration":0,"failureMessages":[]},{"ancestorTitles":["","WebhookValidator","generateSignature"],"fullName":" WebhookValidator generateSignature should generate consistent signature for same payload","status":"passed","title":"should generate consistent signature for same payload","duration":0,"failureMessages":[]},{"ancestorTitles":["","WebhookValidator","generateSignature"],"fullName":" WebhookValidator generateSignature should generate different signatures for different payloads","status":"passed","title":"should generate different signatures for different payloads","duration":0,"failureMessages":[]},{"ancestorTitles":["","WebhookValidator","generateSignature"],"fullName":" WebhookValidator generateSignature should generate valid hex signature","status":"passed","title":"should generate valid hex signature","duration":1,"failureMessages":[]}],"startTime":1757868197268,"endTime":1757868197273,"status":"passed","message":"","name":"/Users/lucascantoni/Desktop/AtendeAí 2.0/backend/services/whatsapp-service/tests/unit/webhookValidator.test.js"},{"assertionResults":[{"ancestorTitles":["","WhatsAppService - Simplified Tests","processWebhook"],"fullName":" WhatsAppService - Simplified Tests processWebhook should process webhook successfully","status":"passed","title":"should process webhook successfully","duration":8,"failureMessages":[]},{"ancestorTitles":["","WhatsAppService - Simplified Tests","processWebhook"],"fullName":" WhatsAppService - Simplified Tests processWebhook should handle errors during webhook processing","status":"passed","title":"should handle errors during webhook processing","duration":1,"failureMessages":[]},{"ancestorTitles":["","WhatsAppService - Simplified Tests","sendMessage"],"fullName":" WhatsAppService - Simplified Tests sendMessage should send message successfully","status":"passed","title":"should send message successfully","duration":0,"failureMessages":[]},{"ancestorTitles":["","WhatsAppService - Simplified Tests","processWithAI"],"fullName":" WhatsAppService - Simplified Tests processWithAI should process message with AI successfully","status":"passed","title":"should process message with AI successfully","duration":1,"failureMessages":[]},{"ancestorTitles":["","WhatsAppService - Simplified Tests","persistMessage"],"fullName":" WhatsAppService - Simplified Tests persistMessage should persist message successfully","status":"passed","title":"should persist message successfully","duration":1,"failureMessages":[]},{"ancestorTitles":["","WhatsAppService - Simplified Tests","persistMessage"],"fullName":" WhatsAppService - Simplified Tests persistMessage should handle database persistence errors","status":"passed","title":"should handle database persistence errors","duration":0,"failureMessages":[]},{"ancestorTitles":["","WhatsAppService - Simplified Tests","getClinicContext"],"fullName":" WhatsAppService - Simplified Tests getClinicContext should get clinic context successfully","status":"passed","title":"should get clinic context successfully","duration":1,"failureMessages":[]},{"ancestorTitles":["","WhatsAppService - Simplified Tests","getClinicContext"],"fullName":" WhatsAppService - Simplified Tests getClinicContext should handle clinic service errors","status":"passed","title":"should handle clinic service errors","duration":1,"failureMessages":[]},{"ancestorTitles":["","WhatsAppService - Simplified Tests","getWhatsAppConfig"],"fullName":" WhatsAppService - Simplified Tests getWhatsAppConfig should get WhatsApp config successfully","status":"passed","title":"should get WhatsApp config successfully","duration":0,"failureMessages":[]},{"ancestorTitles":["","WhatsAppService - Simplified Tests","getWhatsAppConfig"],"fullName":" WhatsAppService - Simplified Tests getWhatsAppConfig should handle clinic service errors","status":"passed","title":"should handle clinic service errors","duration":1,"failureMessages":[]}],"startTime":1757868196082,"endTime":1757868196097,"status":"passed","message":"","name":"/Users/lucascantoni/Desktop/AtendeAí 2.0/backend/services/whatsapp-service/tests/unit/whatsappService.simple.test.js"},{"assertionResults":[{"ancestorTitles":["","WhatsAppService","processWebhook"],"fullName":" WhatsAppService processWebhook should process webhook successfully","status":"failed","title":"should process webhook successfully","duration":125,"failureMessages":["Failed to adapt Meta payload: Cannot read properties of undefined (reading '0')"],"location":{"line":27,"column":19}},{"ancestorTitles":["","WhatsAppService","processWebhook"],"fullName":" WhatsAppService processWebhook should handle errors during webhook processing","status":"failed","title":"should handle errors during webhook processing","duration":10,"failureMessages":["expected [Function] to throw error including 'AI processing failed' but got 'Failed to adapt Meta payload: Cannot …'"],"location":{"line":177,"column":13}},{"ancestorTitles":["","WhatsAppService","sendMessage"],"fullName":" WhatsAppService sendMessage should send message successfully","status":"failed","title":"should send message successfully","duration":2,"failureMessages":["Cannot read properties of undefined (reading 'mockResolvedValue')"],"location":{"line":203,"column":40}},{"ancestorTitles":["","WhatsAppService","processWithAI"],"fullName":" WhatsAppService processWithAI should process message with AI successfully","status":"failed","title":"should process message with AI successfully","duration":1,"failureMessages":["Cannot read properties of undefined (reading 'mockResolvedValue')"],"location":{"line":228,"column":39}},{"ancestorTitles":["","WhatsAppService","persistMessage"],"fullName":" WhatsAppService persistMessage should persist message successfully","status":"failed","title":"should persist message successfully","duration":3,"failureMessages":["Database persistence failed: "],"location":{"line":104,"column":19}},{"ancestorTitles":["","WhatsAppService","persistMessage"],"fullName":" WhatsAppService persistMessage should handle database persistence errors","status":"passed","title":"should handle database persistence errors","duration":4,"failureMessages":[]},{"ancestorTitles":["","WhatsAppService","getClinicContext"],"fullName":" WhatsAppService getClinicContext should get clinic context successfully","status":"failed","title":"should get clinic context successfully","duration":28,"failureMessages":["expected null to be { aiPersonality: 'friendly', …(1) } // Object.is equality"],"location":{"line":300,"column":28}},{"ancestorTitles":["","WhatsAppService","getClinicContext"],"fullName":" WhatsAppService getClinicContext should handle clinic service errors","status":"passed","title":"should handle clinic service errors","duration":4,"failureMessages":[]},{"ancestorTitles":["","WhatsAppService","getWhatsAppConfig"],"fullName":" WhatsAppService getWhatsAppConfig should get WhatsApp config successfully","status":"failed","title":"should get WhatsApp config successfully","duration":11,"failureMessages":["expected null to be { phoneNumber: '+5511888888888', …(1) } // Object.is equality"],"location":{"line":335,"column":28}},{"ancestorTitles":["","WhatsAppService","getWhatsAppConfig"],"fullName":" WhatsAppService getWhatsAppConfig should handle clinic service errors","status":"passed","title":"should handle clinic service errors","duration":9,"failureMessages":[]}],"startTime":1757868196085,"endTime":1757868196283,"status":"failed","message":"","name":"/Users/lucascantoni/Desktop/AtendeAí 2.0/backend/services/whatsapp-service/tests/unit/whatsappService.test.js"}]}